[0.539s] DEBUG:colcon:Command line arguments: ['/usr/bin/colcon', 'list', '-p', '--base-paths', '/home/nimrod/Documents/simple_arm/src', '--log-base', '/dev/null']
[0.540s] DEBUG:colcon:Parsed command line arguments: Namespace(log_base=None, log_level=None, verb_name='list', build_base='build', ignore_user_meta=False, metas=['./colcon.meta'], base_paths=['/home/nimrod/Documents/simple_arm/src', '--log-base', '/dev/null'], packages_ignore=None, packages_ignore_regex=None, paths=None, packages_up_to=None, packages_up_to_regex=None, packages_above=None, packages_above_and_dependencies=None, packages_above_depth=None, packages_select_by_dep=None, packages_skip_by_dep=None, packages_skip_up_to=None, packages_select_build_failed=False, packages_skip_build_finished=False, packages_select_test_failures=False, packages_skip_test_passed=False, packages_select=None, packages_skip=None, packages_select_regex=None, packages_skip_regex=None, packages_start=None, packages_end=None, allow_overriding=[], topological_order=False, names_only=False, paths_only=True, topological_graph=False, topological_graph_dot=False, topological_graph_density=False, topological_graph_legend=False, topological_graph_dot_cluster=False, topological_graph_dot_include_skipped=False, mixin_files=None, mixin=None, verb_parser=<colcon_mixin.mixin.mixin_argument.MixinArgumentDecorator object at 0x7511f509e2a0>, verb_extension=<colcon_package_information.verb.list.ListVerb object at 0x7511f509d5e0>, main=<bound method ListVerb.main of <colcon_package_information.verb.list.ListVerb object at 0x7511f509d5e0>>, mixin_verb=('list',))
[0.683s] Level 1:colcon.colcon_core.package_discovery:discover_packages(colcon_meta) check parameters
[0.684s] Level 1:colcon.colcon_core.package_discovery:discover_packages(recursive) check parameters
[0.684s] Level 1:colcon.colcon_core.package_discovery:discover_packages(ignore) check parameters
[0.684s] Level 1:colcon.colcon_core.package_discovery:discover_packages(path) check parameters
[0.684s] Level 1:colcon.colcon_core.package_discovery:discover_packages(recursive) discover
[0.685s] INFO:colcon.colcon_core.package_discovery:Crawling recursively for packages in '/home/nimrod/Documents/simple_arm/src', '/home/nimrod/Documents/simple_arm/src/--log-base', '/dev/null'
[0.685s] Level 1:colcon.colcon_core.package_identification:_identify(/home/nimrod/Documents/simple_arm/src) by extensions ['ignore', 'ignore_ament_install']
[0.689s] Level 1:colcon.colcon_core.package_identification:_identify(/home/nimrod/Documents/simple_arm/src) by extension 'ignore'
[0.689s] Level 1:colcon.colcon_core.package_identification:_identify(/home/nimrod/Documents/simple_arm/src) by extension 'ignore_ament_install'
[0.690s] Level 1:colcon.colcon_core.package_identification:_identify(/home/nimrod/Documents/simple_arm/src) by extensions ['colcon_pkg']
[0.690s] Level 1:colcon.colcon_core.package_identification:_identify(/home/nimrod/Documents/simple_arm/src) by extension 'colcon_pkg'
[0.691s] Level 1:colcon.colcon_core.package_identification:_identify(/home/nimrod/Documents/simple_arm/src) by extensions ['colcon_meta']
[0.691s] Level 1:colcon.colcon_core.package_identification:_identify(/home/nimrod/Documents/simple_arm/src) by extension 'colcon_meta'
[0.691s] Level 1:colcon.colcon_core.package_identification:_identify(/home/nimrod/Documents/simple_arm/src) by extensions ['ros']
[0.691s] Level 1:colcon.colcon_core.package_identification:_identify(/home/nimrod/Documents/simple_arm/src) by extension 'ros'
[0.814s] Level 1:colcon.colcon_core.package_identification:_identify(/home/nimrod/Documents/simple_arm/src) by extensions ['cmake', 'python']
[0.814s] Level 1:colcon.colcon_core.package_identification:_identify(/home/nimrod/Documents/simple_arm/src) by extension 'cmake'
[0.814s] Level 1:colcon.colcon_core.package_identification:_identify(/home/nimrod/Documents/simple_arm/src) by extension 'python'
[0.815s] Level 1:colcon.colcon_core.package_identification:_identify(/home/nimrod/Documents/simple_arm/src) by extensions ['python_setup_py']
[0.815s] Level 1:colcon.colcon_core.package_identification:_identify(/home/nimrod/Documents/simple_arm/src) by extension 'python_setup_py'
[0.815s] Level 1:colcon.colcon_core.package_identification:_identify(/home/nimrod/Documents/simple_arm/src/log) by extensions ['ignore', 'ignore_ament_install']
[0.816s] Level 1:colcon.colcon_core.package_identification:_identify(/home/nimrod/Documents/simple_arm/src/log) by extension 'ignore'
[0.816s] Level 1:colcon.colcon_core.package_identification:_identify(/home/nimrod/Documents/simple_arm/src/log) ignored
[0.816s] Level 1:colcon.colcon_core.package_identification:_identify(/home/nimrod/Documents/simple_arm/src/pick_place_arms) by extensions ['ignore', 'ignore_ament_install']
[0.816s] Level 1:colcon.colcon_core.package_identification:_identify(/home/nimrod/Documents/simple_arm/src/pick_place_arms) by extension 'ignore'
[0.816s] Level 1:colcon.colcon_core.package_identification:_identify(/home/nimrod/Documents/simple_arm/src/pick_place_arms) by extension 'ignore_ament_install'
[0.816s] Level 1:colcon.colcon_core.package_identification:_identify(/home/nimrod/Documents/simple_arm/src/pick_place_arms) by extensions ['colcon_pkg']
[0.817s] Level 1:colcon.colcon_core.package_identification:_identify(/home/nimrod/Documents/simple_arm/src/pick_place_arms) by extension 'colcon_pkg'
[0.817s] Level 1:colcon.colcon_core.package_identification:_identify(/home/nimrod/Documents/simple_arm/src/pick_place_arms) by extensions ['colcon_meta']
[0.817s] Level 1:colcon.colcon_core.package_identification:_identify(/home/nimrod/Documents/simple_arm/src/pick_place_arms) by extension 'colcon_meta'
[0.817s] Level 1:colcon.colcon_core.package_identification:_identify(/home/nimrod/Documents/simple_arm/src/pick_place_arms) by extensions ['ros']
[0.817s] Level 1:colcon.colcon_core.package_identification:_identify(/home/nimrod/Documents/simple_arm/src/pick_place_arms) by extension 'ros'
[0.826s] DEBUG:colcon.colcon_core.package_identification:Package '/home/nimrod/Documents/simple_arm/src/pick_place_arms' with type 'ros.ament_cmake' and name 'pick_place_arms'
[0.826s] Level 1:colcon.colcon_core.package_discovery:discover_packages(recursive) using defaults
