[0.947s] DEBUG:colcon:Command line arguments: ['/usr/bin/colcon', 'build']
[0.948s] DEBUG:colcon:Parsed command line arguments: Namespace(log_base=None, log_level=None, verb_name='build', build_base='build', install_base='install', merge_install=False, symlink_install=False, test_result_base=None, continue_on_error=False, executor='parallel', parallel_workers=4, event_handlers=None, ignore_user_meta=False, metas=['./colcon.meta'], base_paths=['.'], packages_ignore=None, packages_ignore_regex=None, paths=None, packages_up_to=None, packages_up_to_regex=None, packages_above=None, packages_above_and_dependencies=None, packages_above_depth=None, packages_select_by_dep=None, packages_skip_by_dep=None, packages_skip_up_to=None, packages_select_build_failed=False, packages_skip_build_finished=False, packages_select_test_failures=False, packages_skip_test_passed=False, packages_select=None, packages_skip=None, packages_select_regex=None, packages_skip_regex=None, packages_start=None, packages_end=None, allow_overriding=[], cmake_args=None, cmake_target=None, cmake_target_skip_unavailable=False, cmake_clean_cache=False, cmake_clean_first=False, cmake_force_configure=False, ament_cmake_args=None, catkin_cmake_args=None, catkin_skip_building_tests=False, mixin_files=None, mixin=None, verb_parser=<colcon_mixin.mixin.mixin_argument.MixinArgumentDecorator object at 0x7e4f1a6a1610>, verb_extension=<colcon_core.verb.build.BuildVerb object at 0x7e4f1a6a1370>, main=<bound method BuildVerb.main of <colcon_core.verb.build.BuildVerb object at 0x7e4f1a6a1370>>, mixin_verb=('build',))
[1.201s] Level 1:colcon.colcon_core.package_discovery:discover_packages(colcon_meta) check parameters
[1.201s] Level 1:colcon.colcon_core.package_discovery:discover_packages(recursive) check parameters
[1.202s] Level 1:colcon.colcon_core.package_discovery:discover_packages(ignore) check parameters
[1.202s] Level 1:colcon.colcon_core.package_discovery:discover_packages(path) check parameters
[1.202s] Level 1:colcon.colcon_core.package_discovery:discover_packages(colcon_meta) discover
[1.202s] Level 1:colcon.colcon_core.package_discovery:discover_packages(recursive) discover
[1.202s] INFO:colcon.colcon_core.package_discovery:Crawling recursively for packages in '/home/nimrod/Documents/simple_arm'
[1.202s] Level 1:colcon.colcon_core.package_identification:_identify(.) by extensions ['ignore', 'ignore_ament_install']
[1.203s] Level 1:colcon.colcon_core.package_identification:_identify(.) by extension 'ignore'
[1.203s] Level 1:colcon.colcon_core.package_identification:_identify(.) by extension 'ignore_ament_install'
[1.203s] Level 1:colcon.colcon_core.package_identification:_identify(.) by extensions ['colcon_pkg']
[1.203s] Level 1:colcon.colcon_core.package_identification:_identify(.) by extension 'colcon_pkg'
[1.203s] Level 1:colcon.colcon_core.package_identification:_identify(.) by extensions ['colcon_meta']
[1.203s] Level 1:colcon.colcon_core.package_identification:_identify(.) by extension 'colcon_meta'
[1.204s] Level 1:colcon.colcon_core.package_identification:_identify(.) by extensions ['ros']
[1.204s] Level 1:colcon.colcon_core.package_identification:_identify(.) by extension 'ros'
[1.306s] Level 1:colcon.colcon_core.package_identification:_identify(.) by extensions ['cmake', 'python']
[1.306s] Level 1:colcon.colcon_core.package_identification:_identify(.) by extension 'cmake'
[1.306s] Level 1:colcon.colcon_core.package_identification:_identify(.) by extension 'python'
[1.307s] Level 1:colcon.colcon_core.package_identification:_identify(.) by extensions ['python_setup_py']
[1.307s] Level 1:colcon.colcon_core.package_identification:_identify(.) by extension 'python_setup_py'
[1.308s] Level 1:colcon.colcon_core.package_identification:_identify(build) by extensions ['ignore', 'ignore_ament_install']
[1.308s] Level 1:colcon.colcon_core.package_identification:_identify(build) by extension 'ignore'
[1.308s] Level 1:colcon.colcon_core.package_identification:_identify(build) ignored
[1.309s] Level 1:colcon.colcon_core.package_identification:_identify(install) by extensions ['ignore', 'ignore_ament_install']
[1.310s] Level 1:colcon.colcon_core.package_identification:_identify(install) by extension 'ignore'
[1.310s] Level 1:colcon.colcon_core.package_identification:_identify(install) ignored
[1.310s] Level 1:colcon.colcon_core.package_identification:_identify(log) by extensions ['ignore', 'ignore_ament_install']
[1.311s] Level 1:colcon.colcon_core.package_identification:_identify(log) by extension 'ignore'
[1.312s] Level 1:colcon.colcon_core.package_identification:_identify(log) ignored
[1.312s] Level 1:colcon.colcon_core.package_identification:_identify(src) by extensions ['ignore', 'ignore_ament_install']
[1.312s] Level 1:colcon.colcon_core.package_identification:_identify(src) by extension 'ignore'
[1.313s] Level 1:colcon.colcon_core.package_identification:_identify(src) by extension 'ignore_ament_install'
[1.313s] Level 1:colcon.colcon_core.package_identification:_identify(src) by extensions ['colcon_pkg']
[1.313s] Level 1:colcon.colcon_core.package_identification:_identify(src) by extension 'colcon_pkg'
[1.313s] Level 1:colcon.colcon_core.package_identification:_identify(src) by extensions ['colcon_meta']
[1.314s] Level 1:colcon.colcon_core.package_identification:_identify(src) by extension 'colcon_meta'
[1.314s] Level 1:colcon.colcon_core.package_identification:_identify(src) by extensions ['ros']
[1.314s] Level 1:colcon.colcon_core.package_identification:_identify(src) by extension 'ros'
[1.314s] Level 1:colcon.colcon_core.package_identification:_identify(src) by extensions ['cmake', 'python']
[1.315s] Level 1:colcon.colcon_core.package_identification:_identify(src) by extension 'cmake'
[1.315s] Level 1:colcon.colcon_core.package_identification:_identify(src) by extension 'python'
[1.315s] Level 1:colcon.colcon_core.package_identification:_identify(src) by extensions ['python_setup_py']
[1.315s] Level 1:colcon.colcon_core.package_identification:_identify(src) by extension 'python_setup_py'
[1.315s] Level 1:colcon.colcon_core.package_identification:_identify(src/pick_place_arm) by extensions ['ignore', 'ignore_ament_install']
[1.316s] Level 1:colcon.colcon_core.package_identification:_identify(src/pick_place_arm) by extension 'ignore'
[1.316s] Level 1:colcon.colcon_core.package_identification:_identify(src/pick_place_arm) by extension 'ignore_ament_install'
[1.316s] Level 1:colcon.colcon_core.package_identification:_identify(src/pick_place_arm) by extensions ['colcon_pkg']
[1.317s] Level 1:colcon.colcon_core.package_identification:_identify(src/pick_place_arm) by extension 'colcon_pkg'
[1.317s] Level 1:colcon.colcon_core.package_identification:_identify(src/pick_place_arm) by extensions ['colcon_meta']
[1.317s] Level 1:colcon.colcon_core.package_identification:_identify(src/pick_place_arm) by extension 'colcon_meta'
[1.317s] Level 1:colcon.colcon_core.package_identification:_identify(src/pick_place_arm) by extensions ['ros']
[1.317s] Level 1:colcon.colcon_core.package_identification:_identify(src/pick_place_arm) by extension 'ros'
[1.325s] DEBUG:colcon.colcon_core.package_identification:Package 'src/pick_place_arm' with type 'ros.ament_python' and name 'pick_place_arm'
[1.326s] Level 1:colcon.colcon_core.package_identification:_identify(src/pick_place_arms) by extensions ['ignore', 'ignore_ament_install']
[1.326s] Level 1:colcon.colcon_core.package_identification:_identify(src/pick_place_arms) by extension 'ignore'
[1.327s] Level 1:colcon.colcon_core.package_identification:_identify(src/pick_place_arms) by extension 'ignore_ament_install'
[1.327s] Level 1:colcon.colcon_core.package_identification:_identify(src/pick_place_arms) by extensions ['colcon_pkg']
[1.327s] Level 1:colcon.colcon_core.package_identification:_identify(src/pick_place_arms) by extension 'colcon_pkg'
[1.327s] Level 1:colcon.colcon_core.package_identification:_identify(src/pick_place_arms) by extensions ['colcon_meta']
[1.328s] Level 1:colcon.colcon_core.package_identification:_identify(src/pick_place_arms) by extension 'colcon_meta'
[1.328s] Level 1:colcon.colcon_core.package_identification:_identify(src/pick_place_arms) by extensions ['ros']
[1.328s] Level 1:colcon.colcon_core.package_identification:_identify(src/pick_place_arms) by extension 'ros'
[1.330s] DEBUG:colcon.colcon_core.package_identification:Package 'src/pick_place_arms' with type 'ros.ament_cmake' and name 'pick_place_arms'
[1.330s] Level 1:colcon.colcon_core.package_discovery:discover_packages(recursive) using defaults
[1.330s] Level 1:colcon.colcon_core.package_discovery:discover_packages(ignore) discover
[1.331s] Level 1:colcon.colcon_core.package_discovery:discover_packages(ignore) using defaults
[1.331s] Level 1:colcon.colcon_core.package_discovery:discover_packages(path) discover
[1.331s] Level 1:colcon.colcon_core.package_discovery:discover_packages(path) using defaults
[1.393s] Level 1:colcon.colcon_core.package_discovery:discover_packages(prefix_path) check parameters
[1.393s] Level 1:colcon.colcon_core.package_discovery:discover_packages(prefix_path) discover
[1.409s] DEBUG:colcon.colcon_installed_package_information.package_discovery:Found 443 installed packages in /opt/ros/jazzy
[1.422s] Level 1:colcon.colcon_core.package_discovery:discover_packages(prefix_path) using defaults
[1.931s] Level 5:colcon.colcon_core.verb:set package 'pick_place_arm' build argument 'cmake_args' from command line to 'None'
[1.932s] Level 5:colcon.colcon_core.verb:set package 'pick_place_arm' build argument 'cmake_target' from command line to 'None'
[1.932s] Level 5:colcon.colcon_core.verb:set package 'pick_place_arm' build argument 'cmake_target_skip_unavailable' from command line to 'False'
[1.932s] Level 5:colcon.colcon_core.verb:set package 'pick_place_arm' build argument 'cmake_clean_cache' from command line to 'False'
[1.932s] Level 5:colcon.colcon_core.verb:set package 'pick_place_arm' build argument 'cmake_clean_first' from command line to 'False'
[1.933s] Level 5:colcon.colcon_core.verb:set package 'pick_place_arm' build argument 'cmake_force_configure' from command line to 'False'
[1.934s] Level 5:colcon.colcon_core.verb:set package 'pick_place_arm' build argument 'ament_cmake_args' from command line to 'None'
[1.934s] Level 5:colcon.colcon_core.verb:set package 'pick_place_arm' build argument 'catkin_cmake_args' from command line to 'None'
[1.934s] Level 5:colcon.colcon_core.verb:set package 'pick_place_arm' build argument 'catkin_skip_building_tests' from command line to 'False'
[1.934s] DEBUG:colcon.colcon_core.verb:Building package 'pick_place_arm' with the following arguments: {'ament_cmake_args': None, 'build_base': '/home/nimrod/Documents/simple_arm/build/pick_place_arm', 'catkin_cmake_args': None, 'catkin_skip_building_tests': False, 'cmake_args': None, 'cmake_clean_cache': False, 'cmake_clean_first': False, 'cmake_force_configure': False, 'cmake_target': None, 'cmake_target_skip_unavailable': False, 'install_base': '/home/nimrod/Documents/simple_arm/install/pick_place_arm', 'merge_install': False, 'path': '/home/nimrod/Documents/simple_arm/src/pick_place_arm', 'symlink_install': False, 'test_result_base': None}
[1.938s] Level 5:colcon.colcon_core.verb:set package 'pick_place_arms' build argument 'cmake_args' from command line to 'None'
[1.938s] Level 5:colcon.colcon_core.verb:set package 'pick_place_arms' build argument 'cmake_target' from command line to 'None'
[1.939s] Level 5:colcon.colcon_core.verb:set package 'pick_place_arms' build argument 'cmake_target_skip_unavailable' from command line to 'False'
[1.939s] Level 5:colcon.colcon_core.verb:set package 'pick_place_arms' build argument 'cmake_clean_cache' from command line to 'False'
[1.939s] Level 5:colcon.colcon_core.verb:set package 'pick_place_arms' build argument 'cmake_clean_first' from command line to 'False'
[1.939s] Level 5:colcon.colcon_core.verb:set package 'pick_place_arms' build argument 'cmake_force_configure' from command line to 'False'
[1.940s] Level 5:colcon.colcon_core.verb:set package 'pick_place_arms' build argument 'ament_cmake_args' from command line to 'None'
[1.940s] Level 5:colcon.colcon_core.verb:set package 'pick_place_arms' build argument 'catkin_cmake_args' from command line to 'None'
[1.940s] Level 5:colcon.colcon_core.verb:set package 'pick_place_arms' build argument 'catkin_skip_building_tests' from command line to 'False'
[1.940s] DEBUG:colcon.colcon_core.verb:Building package 'pick_place_arms' with the following arguments: {'ament_cmake_args': None, 'build_base': '/home/nimrod/Documents/simple_arm/build/pick_place_arms', 'catkin_cmake_args': None, 'catkin_skip_building_tests': False, 'cmake_args': None, 'cmake_clean_cache': False, 'cmake_clean_first': False, 'cmake_force_configure': False, 'cmake_target': None, 'cmake_target_skip_unavailable': False, 'install_base': '/home/nimrod/Documents/simple_arm/install/pick_place_arms', 'merge_install': False, 'path': '/home/nimrod/Documents/simple_arm/src/pick_place_arms', 'symlink_install': False, 'test_result_base': None}
[1.941s] INFO:colcon.colcon_core.executor:Executing jobs using 'parallel' executor
[1.945s] DEBUG:colcon.colcon_parallel_executor.executor.parallel:run_until_complete
[1.947s] INFO:colcon.colcon_ros.task.ament_python.build:Building ROS package in '/home/nimrod/Documents/simple_arm/src/pick_place_arm' with build type 'ament_python'
[1.948s] Level 1:colcon.colcon_core.shell:create_environment_hook('pick_place_arm', 'ament_prefix_path')
[1.974s] INFO:colcon.colcon_core.plugin_system:Skipping extension 'colcon_core.shell.bat': Not used on non-Windows systems
[1.978s] INFO:colcon.colcon_core.shell:Creating environment hook '/home/nimrod/Documents/simple_arm/install/pick_place_arm/share/pick_place_arm/hook/ament_prefix_path.ps1'
[1.984s] INFO:colcon.colcon_core.shell:Creating environment descriptor '/home/nimrod/Documents/simple_arm/install/pick_place_arm/share/pick_place_arm/hook/ament_prefix_path.dsv'
[1.990s] INFO:colcon.colcon_core.shell:Creating environment hook '/home/nimrod/Documents/simple_arm/install/pick_place_arm/share/pick_place_arm/hook/ament_prefix_path.sh'
[1.996s] INFO:colcon.colcon_core.shell:Skip shell extension 'powershell' for command environment: Not usable outside of PowerShell
[1.997s] DEBUG:colcon.colcon_core.shell:Skip shell extension 'dsv' for command environment
[2.033s] INFO:colcon.colcon_ros.task.ament_cmake.build:Building ROS package in '/home/nimrod/Documents/simple_arm/src/pick_place_arms' with build type 'ament_cmake'
[2.034s] INFO:colcon.colcon_cmake.task.cmake.build:Building CMake package in '/home/nimrod/Documents/simple_arm/src/pick_place_arms'
[2.041s] INFO:colcon.colcon_core.shell:Skip shell extension 'powershell' for command environment: Not usable outside of PowerShell
[2.042s] DEBUG:colcon.colcon_core.shell:Skip shell extension 'dsv' for command environment
[3.419s] INFO:colcon.colcon_core.task.python.build:Building Python package in '/home/nimrod/Documents/simple_arm/src/pick_place_arm'
[3.420s] INFO:colcon.colcon_core.shell:Skip shell extension 'powershell' for command environment: Not usable outside of PowerShell
[3.420s] DEBUG:colcon.colcon_core.shell:Skip shell extension 'dsv' for command environment
[3.458s] DEBUG:colcon.colcon_core.event_handler.log_command:Invoking command in '/home/nimrod/Documents/simple_arm/build/pick_place_arms': CMAKE_PREFIX_PATH=${CMAKE_PREFIX_PATH}:/opt/ros/jazzy DEBUGINFOD_URLS=https://debuginfod.ubuntu.com /usr/bin/cmake /home/nimrod/Documents/simple_arm/src/pick_place_arms -DCMAKE_INSTALL_PREFIX=/home/nimrod/Documents/simple_arm/install/pick_place_arms
[7.721s] DEBUG:colcon.colcon_core.event_handler.log_command:Invoking command in '/home/nimrod/Documents/simple_arm/src/pick_place_arm': DEBUGINFOD_URLS=https://debuginfod.ubuntu.com PYTHONPATH=/home/nimrod/Documents/simple_arm/build/pick_place_arm/prefix_override:/usr/lib/python3/dist-packages/colcon_core/task/python/colcon_distutils_commands:/home/nimrod/Documents/simple_arm/install/pick_place_arm/lib/python3.12/site-packages:${PYTHONPATH} /usr/bin/python3 -W ignore:setup.py install is deprecated -W ignore:easy_install command is deprecated setup.py egg_info --egg-base ../../build/pick_place_arm build --build-base /home/nimrod/Documents/simple_arm/build/pick_place_arm/build install --record /home/nimrod/Documents/simple_arm/build/pick_place_arm/install.log --single-version-externally-managed install_data
[8.108s] DEBUG:colcon.colcon_core.event_handler.log_command:Invoked command in '/home/nimrod/Documents/simple_arm/build/pick_place_arms' returned '0': CMAKE_PREFIX_PATH=${CMAKE_PREFIX_PATH}:/opt/ros/jazzy DEBUGINFOD_URLS=https://debuginfod.ubuntu.com /usr/bin/cmake /home/nimrod/Documents/simple_arm/src/pick_place_arms -DCMAKE_INSTALL_PREFIX=/home/nimrod/Documents/simple_arm/install/pick_place_arms
[8.109s] DEBUG:colcon.colcon_core.event_handler.log_command:Invoking command in '/home/nimrod/Documents/simple_arm/build/pick_place_arms': CMAKE_PREFIX_PATH=${CMAKE_PREFIX_PATH}:/opt/ros/jazzy DEBUGINFOD_URLS=https://debuginfod.ubuntu.com /usr/bin/cmake --build /home/nimrod/Documents/simple_arm/build/pick_place_arms -- -j4 -l4
[8.322s] DEBUG:colcon.colcon_core.event_handler.log_command:Invoked command in '/home/nimrod/Documents/simple_arm/build/pick_place_arms' returned '0': CMAKE_PREFIX_PATH=${CMAKE_PREFIX_PATH}:/opt/ros/jazzy DEBUGINFOD_URLS=https://debuginfod.ubuntu.com /usr/bin/cmake --build /home/nimrod/Documents/simple_arm/build/pick_place_arms -- -j4 -l4
[8.379s] DEBUG:colcon.colcon_core.event_handler.log_command:Invoking command in '/home/nimrod/Documents/simple_arm/build/pick_place_arms': CMAKE_PREFIX_PATH=${CMAKE_PREFIX_PATH}:/opt/ros/jazzy DEBUGINFOD_URLS=https://debuginfod.ubuntu.com /usr/bin/cmake --install /home/nimrod/Documents/simple_arm/build/pick_place_arms
[8.427s] Level 1:colcon.colcon_core.environment:create_environment_scripts_only(pick_place_arms)
[8.429s] DEBUG:colcon.colcon_core.event_handler.log_command:Invoked command in '/home/nimrod/Documents/simple_arm/build/pick_place_arms' returned '0': CMAKE_PREFIX_PATH=${CMAKE_PREFIX_PATH}:/opt/ros/jazzy DEBUGINFOD_URLS=https://debuginfod.ubuntu.com /usr/bin/cmake --install /home/nimrod/Documents/simple_arm/build/pick_place_arms
[8.441s] Level 1:colcon.colcon_core.environment:checking '/home/nimrod/Documents/simple_arm/install/pick_place_arms' for CMake module files
[8.443s] Level 1:colcon.colcon_core.environment:checking '/home/nimrod/Documents/simple_arm/install/pick_place_arms' for CMake config files
[8.444s] Level 1:colcon.colcon_core.shell:create_environment_hook('pick_place_arms', 'cmake_prefix_path')
[8.445s] INFO:colcon.colcon_core.shell:Creating environment hook '/home/nimrod/Documents/simple_arm/install/pick_place_arms/share/pick_place_arms/hook/cmake_prefix_path.ps1'
[8.446s] INFO:colcon.colcon_core.shell:Creating environment descriptor '/home/nimrod/Documents/simple_arm/install/pick_place_arms/share/pick_place_arms/hook/cmake_prefix_path.dsv'
[8.447s] INFO:colcon.colcon_core.shell:Creating environment hook '/home/nimrod/Documents/simple_arm/install/pick_place_arms/share/pick_place_arms/hook/cmake_prefix_path.sh'
[8.449s] Level 1:colcon.colcon_core.environment:checking '/home/nimrod/Documents/simple_arm/install/pick_place_arms/bin'
[8.449s] Level 1:colcon.colcon_core.environment:checking '/home/nimrod/Documents/simple_arm/install/pick_place_arms/lib/pkgconfig/pick_place_arms.pc'
[8.450s] Level 1:colcon.colcon_core.environment:checking '/home/nimrod/Documents/simple_arm/install/pick_place_arms/lib/python3.12/site-packages'
[8.451s] Level 1:colcon.colcon_core.environment:checking '/home/nimrod/Documents/simple_arm/install/pick_place_arms/bin'
[8.452s] INFO:colcon.colcon_core.shell:Creating package script '/home/nimrod/Documents/simple_arm/install/pick_place_arms/share/pick_place_arms/package.ps1'
[8.454s] INFO:colcon.colcon_core.shell:Creating package descriptor '/home/nimrod/Documents/simple_arm/install/pick_place_arms/share/pick_place_arms/package.dsv'
[8.455s] INFO:colcon.colcon_core.shell:Creating package script '/home/nimrod/Documents/simple_arm/install/pick_place_arms/share/pick_place_arms/package.sh'
[8.458s] INFO:colcon.colcon_core.shell:Creating package script '/home/nimrod/Documents/simple_arm/install/pick_place_arms/share/pick_place_arms/package.bash'
[8.460s] INFO:colcon.colcon_core.shell:Creating package script '/home/nimrod/Documents/simple_arm/install/pick_place_arms/share/pick_place_arms/package.zsh'
[8.463s] Level 1:colcon.colcon_core.environment:create_file_with_runtime_dependencies(/home/nimrod/Documents/simple_arm/install/pick_place_arms/share/colcon-core/packages/pick_place_arms)
[8.465s] Level 1:colcon.colcon_core.environment:create_environment_scripts_only(pick_place_arms)
[8.465s] Level 1:colcon.colcon_core.environment:checking '/home/nimrod/Documents/simple_arm/install/pick_place_arms' for CMake module files
[8.468s] Level 1:colcon.colcon_core.environment:checking '/home/nimrod/Documents/simple_arm/install/pick_place_arms' for CMake config files
[8.469s] Level 1:colcon.colcon_core.shell:create_environment_hook('pick_place_arms', 'cmake_prefix_path')
[8.470s] INFO:colcon.colcon_core.shell:Creating environment hook '/home/nimrod/Documents/simple_arm/install/pick_place_arms/share/pick_place_arms/hook/cmake_prefix_path.ps1'
[8.472s] INFO:colcon.colcon_core.shell:Creating environment descriptor '/home/nimrod/Documents/simple_arm/install/pick_place_arms/share/pick_place_arms/hook/cmake_prefix_path.dsv'
[8.474s] INFO:colcon.colcon_core.shell:Creating environment hook '/home/nimrod/Documents/simple_arm/install/pick_place_arms/share/pick_place_arms/hook/cmake_prefix_path.sh'
[8.480s] Level 1:colcon.colcon_core.environment:checking '/home/nimrod/Documents/simple_arm/install/pick_place_arms/bin'
[8.480s] Level 1:colcon.colcon_core.environment:checking '/home/nimrod/Documents/simple_arm/install/pick_place_arms/lib/pkgconfig/pick_place_arms.pc'
[8.482s] Level 1:colcon.colcon_core.environment:checking '/home/nimrod/Documents/simple_arm/install/pick_place_arms/lib/python3.12/site-packages'
[8.483s] Level 1:colcon.colcon_core.environment:checking '/home/nimrod/Documents/simple_arm/install/pick_place_arms/bin'
[8.484s] INFO:colcon.colcon_core.shell:Creating package script '/home/nimrod/Documents/simple_arm/install/pick_place_arms/share/pick_place_arms/package.ps1'
[8.487s] INFO:colcon.colcon_core.shell:Creating package descriptor '/home/nimrod/Documents/simple_arm/install/pick_place_arms/share/pick_place_arms/package.dsv'
[8.490s] INFO:colcon.colcon_core.shell:Creating package script '/home/nimrod/Documents/simple_arm/install/pick_place_arms/share/pick_place_arms/package.sh'
[8.492s] INFO:colcon.colcon_core.shell:Creating package script '/home/nimrod/Documents/simple_arm/install/pick_place_arms/share/pick_place_arms/package.bash'
[8.494s] INFO:colcon.colcon_core.shell:Creating package script '/home/nimrod/Documents/simple_arm/install/pick_place_arms/share/pick_place_arms/package.zsh'
[8.496s] Level 1:colcon.colcon_core.environment:create_file_with_runtime_dependencies(/home/nimrod/Documents/simple_arm/install/pick_place_arms/share/colcon-core/packages/pick_place_arms)
[11.627s] Level 1:colcon.colcon_core.environment:checking '/home/nimrod/Documents/simple_arm/install/pick_place_arm' for CMake module files
[11.630s] DEBUG:colcon.colcon_core.event_handler.log_command:Invoked command in '/home/nimrod/Documents/simple_arm/src/pick_place_arm' returned '0': DEBUGINFOD_URLS=https://debuginfod.ubuntu.com PYTHONPATH=/home/nimrod/Documents/simple_arm/build/pick_place_arm/prefix_override:/usr/lib/python3/dist-packages/colcon_core/task/python/colcon_distutils_commands:/home/nimrod/Documents/simple_arm/install/pick_place_arm/lib/python3.12/site-packages:${PYTHONPATH} /usr/bin/python3 -W ignore:setup.py install is deprecated -W ignore:easy_install command is deprecated setup.py egg_info --egg-base ../../build/pick_place_arm build --build-base /home/nimrod/Documents/simple_arm/build/pick_place_arm/build install --record /home/nimrod/Documents/simple_arm/build/pick_place_arm/install.log --single-version-externally-managed install_data
[11.636s] Level 1:colcon.colcon_core.environment:checking '/home/nimrod/Documents/simple_arm/install/pick_place_arm' for CMake config files
[11.640s] Level 1:colcon.colcon_core.environment:checking '/home/nimrod/Documents/simple_arm/install/pick_place_arm/lib'
[11.641s] Level 1:colcon.colcon_core.environment:checking '/home/nimrod/Documents/simple_arm/install/pick_place_arm/bin'
[11.641s] Level 1:colcon.colcon_core.environment:checking '/home/nimrod/Documents/simple_arm/install/pick_place_arm/lib/pkgconfig/pick_place_arm.pc'
[11.647s] Level 1:colcon.colcon_core.environment:checking '/home/nimrod/Documents/simple_arm/install/pick_place_arm/lib/python3.12/site-packages'
[11.648s] Level 1:colcon.colcon_core.shell:create_environment_hook('pick_place_arm', 'pythonpath')
[11.649s] INFO:colcon.colcon_core.shell:Creating environment hook '/home/nimrod/Documents/simple_arm/install/pick_place_arm/share/pick_place_arm/hook/pythonpath.ps1'
[11.651s] INFO:colcon.colcon_core.shell:Creating environment descriptor '/home/nimrod/Documents/simple_arm/install/pick_place_arm/share/pick_place_arm/hook/pythonpath.dsv'
[11.654s] INFO:colcon.colcon_core.shell:Creating environment hook '/home/nimrod/Documents/simple_arm/install/pick_place_arm/share/pick_place_arm/hook/pythonpath.sh'
[11.656s] Level 1:colcon.colcon_core.environment:checking '/home/nimrod/Documents/simple_arm/install/pick_place_arm/bin'
[11.657s] Level 1:colcon.colcon_core.environment:create_environment_scripts_only(pick_place_arm)
[11.658s] INFO:colcon.colcon_core.shell:Creating package script '/home/nimrod/Documents/simple_arm/install/pick_place_arm/share/pick_place_arm/package.ps1'
[11.660s] INFO:colcon.colcon_core.shell:Creating package descriptor '/home/nimrod/Documents/simple_arm/install/pick_place_arm/share/pick_place_arm/package.dsv'
[11.663s] INFO:colcon.colcon_core.shell:Creating package script '/home/nimrod/Documents/simple_arm/install/pick_place_arm/share/pick_place_arm/package.sh'
[11.666s] INFO:colcon.colcon_core.shell:Creating package script '/home/nimrod/Documents/simple_arm/install/pick_place_arm/share/pick_place_arm/package.bash'
[11.668s] INFO:colcon.colcon_core.shell:Creating package script '/home/nimrod/Documents/simple_arm/install/pick_place_arm/share/pick_place_arm/package.zsh'
[11.669s] Level 1:colcon.colcon_core.environment:create_file_with_runtime_dependencies(/home/nimrod/Documents/simple_arm/install/pick_place_arm/share/colcon-core/packages/pick_place_arm)
[11.670s] DEBUG:colcon.colcon_parallel_executor.executor.parallel:closing loop
[11.671s] DEBUG:colcon.colcon_parallel_executor.executor.parallel:loop closed
[11.671s] DEBUG:colcon.colcon_parallel_executor.executor.parallel:run_until_complete finished with '0'
[11.672s] DEBUG:colcon.colcon_core.event_reactor:joining thread
[11.703s] INFO:colcon.colcon_core.plugin_system:Skipping extension 'colcon_notification.desktop_notification.terminal_notifier': Not used on non-Darwin systems
[11.704s] INFO:colcon.colcon_core.plugin_system:Skipping extension 'colcon_notification.desktop_notification.win32': Not used on non-Windows systems
[11.705s] INFO:colcon.colcon_notification.desktop_notification:Sending desktop notification using 'notify2'
[11.875s] DEBUG:colcon.colcon_core.event_reactor:joined thread
[11.876s] INFO:colcon.colcon_core.shell:Creating prefix script '/home/nimrod/Documents/simple_arm/install/local_setup.ps1'
[11.881s] INFO:colcon.colcon_core.shell:Creating prefix util module '/home/nimrod/Documents/simple_arm/install/_local_setup_util_ps1.py'
[11.895s] INFO:colcon.colcon_core.shell:Creating prefix chain script '/home/nimrod/Documents/simple_arm/install/setup.ps1'
[11.900s] INFO:colcon.colcon_core.shell:Creating prefix script '/home/nimrod/Documents/simple_arm/install/local_setup.sh'
[11.902s] INFO:colcon.colcon_core.shell:Creating prefix util module '/home/nimrod/Documents/simple_arm/install/_local_setup_util_sh.py'
[11.904s] INFO:colcon.colcon_core.shell:Creating prefix chain script '/home/nimrod/Documents/simple_arm/install/setup.sh'
[11.908s] INFO:colcon.colcon_core.shell:Creating prefix script '/home/nimrod/Documents/simple_arm/install/local_setup.bash'
[11.912s] INFO:colcon.colcon_core.shell:Creating prefix chain script '/home/nimrod/Documents/simple_arm/install/setup.bash'
[11.918s] INFO:colcon.colcon_core.shell:Creating prefix script '/home/nimrod/Documents/simple_arm/install/local_setup.zsh'
[11.923s] INFO:colcon.colcon_core.shell:Creating prefix chain script '/home/nimrod/Documents/simple_arm/install/setup.zsh'
