[5.773s] Invoking command in '/home/nimrod/Documents/simple_arm/src/pick_place_arm': DEBUGINFOD_URLS=https://debuginfod.ubuntu.com PYTHONPATH=/home/nimrod/Documents/simple_arm/build/pick_place_arm/prefix_override:/usr/lib/python3/dist-packages/colcon_core/task/python/colcon_distutils_commands:/home/nimrod/Documents/simple_arm/install/pick_place_arm/lib/python3.12/site-packages:${PYTHONPATH} /usr/bin/python3 -W ignore:setup.py install is deprecated -W ignore:easy_install command is deprecated setup.py egg_info --egg-base ../../build/pick_place_arm build --build-base /home/nimrod/Documents/simple_arm/build/pick_place_arm/build install --record /home/nimrod/Documents/simple_arm/build/pick_place_arm/install.log --single-version-externally-managed install_data
[7.677s] running egg_info
[7.691s] creating ../../build/pick_place_arm/pick_place_arm.egg-info
[7.888s] writing ../../build/pick_place_arm/pick_place_arm.egg-info/PKG-INFO
[7.888s] writing dependency_links to ../../build/pick_place_arm/pick_place_arm.egg-info/dependency_links.txt
[7.889s] writing requirements to ../../build/pick_place_arm/pick_place_arm.egg-info/requires.txt
[7.890s] writing top-level names to ../../build/pick_place_arm/pick_place_arm.egg-info/top_level.txt
[7.890s] writing manifest file '../../build/pick_place_arm/pick_place_arm.egg-info/SOURCES.txt'
[8.205s] reading manifest file '../../build/pick_place_arm/pick_place_arm.egg-info/SOURCES.txt'
[8.208s] writing manifest file '../../build/pick_place_arm/pick_place_arm.egg-info/SOURCES.txt'
[8.209s] running build
[8.210s] running build_py
[8.212s] creating /home/nimrod/Documents/simple_arm/build/pick_place_arm/build
[8.213s] creating /home/nimrod/Documents/simple_arm/build/pick_place_arm/build/lib
[8.213s] creating /home/nimrod/Documents/simple_arm/build/pick_place_arm/build/lib/pick_place_arm
[8.214s] copying pick_place_arm/__init__.py -> /home/nimrod/Documents/simple_arm/build/pick_place_arm/build/lib/pick_place_arm
[8.215s] running install
[8.242s] running install_lib
[8.414s] creating /home/nimrod/Documents/simple_arm/install/pick_place_arm/lib/python3.12/site-packages/pick_place_arm
[8.415s] copying /home/nimrod/Documents/simple_arm/build/pick_place_arm/build/lib/pick_place_arm/__init__.py -> /home/nimrod/Documents/simple_arm/install/pick_place_arm/lib/python3.12/site-packages/pick_place_arm
[8.421s] byte-compiling /home/nimrod/Documents/simple_arm/install/pick_place_arm/lib/python3.12/site-packages/pick_place_arm/__init__.py to __init__.cpython-312.pyc
[8.425s] running install_data
[8.430s] creating /home/nimrod/Documents/simple_arm/install/pick_place_arm/share/ament_index
[8.431s] creating /home/nimrod/Documents/simple_arm/install/pick_place_arm/share/ament_index/resource_index
[8.432s] creating /home/nimrod/Documents/simple_arm/install/pick_place_arm/share/ament_index/resource_index/packages
[8.432s] copying resource/pick_place_arm -> /home/nimrod/Documents/simple_arm/install/pick_place_arm/share/ament_index/resource_index/packages
[8.433s] copying package.xml -> /home/nimrod/Documents/simple_arm/install/pick_place_arm/share/pick_place_arm
[8.433s] running install_egg_info
[8.538s] Copying ../../build/pick_place_arm/pick_place_arm.egg-info to /home/nimrod/Documents/simple_arm/install/pick_place_arm/lib/python3.12/site-packages/pick_place_arm-0.0.0-py3.12.egg-info
[8.541s] running install_scripts
[9.546s] writing list of installed files to '/home/nimrod/Documents/simple_arm/build/pick_place_arm/install.log'
[9.682s] Invoked command in '/home/nimrod/Documents/simple_arm/src/pick_place_arm' returned '0': DEBUGINFOD_URLS=https://debuginfod.ubuntu.com PYTHONPATH=/home/nimrod/Documents/simple_arm/build/pick_place_arm/prefix_override:/usr/lib/python3/dist-packages/colcon_core/task/python/colcon_distutils_commands:/home/nimrod/Documents/simple_arm/install/pick_place_arm/lib/python3.12/site-packages:${PYTHONPATH} /usr/bin/python3 -W ignore:setup.py install is deprecated -W ignore:easy_install command is deprecated setup.py egg_info --egg-base ../../build/pick_place_arm build --build-base /home/nimrod/Documents/simple_arm/build/pick_place_arm/build install --record /home/nimrod/Documents/simple_arm/build/pick_place_arm/install.log --single-version-externally-managed install_data
