[0.227s] DEBUG:colcon:Command line arguments: ['/usr/bin/colcon', 'build']
[0.228s] DEBUG:colcon:Parsed command line arguments: Namespace(log_base=None, log_level=None, verb_name='build', build_base='build', install_base='install', merge_install=False, symlink_install=False, test_result_base=None, continue_on_error=False, executor='parallel', parallel_workers=4, event_handlers=None, ignore_user_meta=False, metas=['./colcon.meta'], base_paths=['.'], packages_ignore=None, packages_ignore_regex=None, paths=None, packages_up_to=None, packages_up_to_regex=None, packages_above=None, packages_above_and_dependencies=None, packages_above_depth=None, packages_select_by_dep=None, packages_skip_by_dep=None, packages_skip_up_to=None, packages_select_build_failed=False, packages_skip_build_finished=False, packages_select_test_failures=False, packages_skip_test_passed=False, packages_select=None, packages_skip=None, packages_select_regex=None, packages_skip_regex=None, packages_start=None, packages_end=None, allow_overriding=[], cmake_args=None, cmake_target=None, cmake_target_skip_unavailable=False, cmake_clean_cache=False, cmake_clean_first=False, cmake_force_configure=False, ament_cmake_args=None, catkin_cmake_args=None, catkin_skip_building_tests=False, mixin_files=None, mixin=None, verb_parser=<colcon_mixin.mixin.mixin_argument.MixinArgumentDecorator object at 0x7953e839d700>, verb_extension=<colcon_core.verb.build.BuildVerb object at 0x7953e839d460>, main=<bound method BuildVerb.main of <colcon_core.verb.build.BuildVerb object at 0x7953e839d460>>, mixin_verb=('build',))
[0.329s] Level 1:colcon.colcon_core.package_discovery:discover_packages(colcon_meta) check parameters
[0.329s] Level 1:colcon.colcon_core.package_discovery:discover_packages(recursive) check parameters
[0.330s] Level 1:colcon.colcon_core.package_discovery:discover_packages(ignore) check parameters
[0.330s] Level 1:colcon.colcon_core.package_discovery:discover_packages(path) check parameters
[0.330s] Level 1:colcon.colcon_core.package_discovery:discover_packages(colcon_meta) discover
[0.330s] Level 1:colcon.colcon_core.package_discovery:discover_packages(recursive) discover
[0.330s] INFO:colcon.colcon_core.package_discovery:Crawling recursively for packages in '/home/nimrod/Documents/simple_arm'
[0.330s] Level 1:colcon.colcon_core.package_identification:_identify(.) by extensions ['ignore', 'ignore_ament_install']
[0.330s] Level 1:colcon.colcon_core.package_identification:_identify(.) by extension 'ignore'
[0.330s] Level 1:colcon.colcon_core.package_identification:_identify(.) by extension 'ignore_ament_install'
[0.330s] Level 1:colcon.colcon_core.package_identification:_identify(.) by extensions ['colcon_pkg']
[0.331s] Level 1:colcon.colcon_core.package_identification:_identify(.) by extension 'colcon_pkg'
[0.331s] Level 1:colcon.colcon_core.package_identification:_identify(.) by extensions ['colcon_meta']
[0.331s] Level 1:colcon.colcon_core.package_identification:_identify(.) by extension 'colcon_meta'
[0.331s] Level 1:colcon.colcon_core.package_identification:_identify(.) by extensions ['ros']
[0.331s] Level 1:colcon.colcon_core.package_identification:_identify(.) by extension 'ros'
[0.423s] Level 1:colcon.colcon_core.package_identification:_identify(.) by extensions ['cmake', 'python']
[0.424s] Level 1:colcon.colcon_core.package_identification:_identify(.) by extension 'cmake'
[0.424s] Level 1:colcon.colcon_core.package_identification:_identify(.) by extension 'python'
[0.424s] Level 1:colcon.colcon_core.package_identification:_identify(.) by extensions ['python_setup_py']
[0.425s] Level 1:colcon.colcon_core.package_identification:_identify(.) by extension 'python_setup_py'
[0.425s] Level 1:colcon.colcon_core.package_identification:_identify(build) by extensions ['ignore', 'ignore_ament_install']
[0.426s] Level 1:colcon.colcon_core.package_identification:_identify(build) by extension 'ignore'
[0.426s] Level 1:colcon.colcon_core.package_identification:_identify(build) ignored
[0.426s] Level 1:colcon.colcon_core.package_identification:_identify(install) by extensions ['ignore', 'ignore_ament_install']
[0.427s] Level 1:colcon.colcon_core.package_identification:_identify(install) by extension 'ignore'
[0.427s] Level 1:colcon.colcon_core.package_identification:_identify(install) ignored
[0.427s] Level 1:colcon.colcon_core.package_identification:_identify(log) by extensions ['ignore', 'ignore_ament_install']
[0.428s] Level 1:colcon.colcon_core.package_identification:_identify(log) by extension 'ignore'
[0.428s] Level 1:colcon.colcon_core.package_identification:_identify(log) ignored
[0.428s] Level 1:colcon.colcon_core.package_identification:_identify(src) by extensions ['ignore', 'ignore_ament_install']
[0.429s] Level 1:colcon.colcon_core.package_identification:_identify(src) by extension 'ignore'
[0.429s] Level 1:colcon.colcon_core.package_identification:_identify(src) by extension 'ignore_ament_install'
[0.430s] Level 1:colcon.colcon_core.package_identification:_identify(src) by extensions ['colcon_pkg']
[0.430s] Level 1:colcon.colcon_core.package_identification:_identify(src) by extension 'colcon_pkg'
[0.430s] Level 1:colcon.colcon_core.package_identification:_identify(src) by extensions ['colcon_meta']
[0.431s] Level 1:colcon.colcon_core.package_identification:_identify(src) by extension 'colcon_meta'
[0.431s] Level 1:colcon.colcon_core.package_identification:_identify(src) by extensions ['ros']
[0.431s] Level 1:colcon.colcon_core.package_identification:_identify(src) by extension 'ros'
[0.432s] Level 1:colcon.colcon_core.package_identification:_identify(src) by extensions ['cmake', 'python']
[0.432s] Level 1:colcon.colcon_core.package_identification:_identify(src) by extension 'cmake'
[0.432s] Level 1:colcon.colcon_core.package_identification:_identify(src) by extension 'python'
[0.432s] Level 1:colcon.colcon_core.package_identification:_identify(src) by extensions ['python_setup_py']
[0.432s] Level 1:colcon.colcon_core.package_identification:_identify(src) by extension 'python_setup_py'
[0.433s] Level 1:colcon.colcon_core.package_identification:_identify(src/pick_place_arm) by extensions ['ignore', 'ignore_ament_install']
[0.433s] Level 1:colcon.colcon_core.package_identification:_identify(src/pick_place_arm) by extension 'ignore'
[0.433s] Level 1:colcon.colcon_core.package_identification:_identify(src/pick_place_arm) by extension 'ignore_ament_install'
[0.434s] Level 1:colcon.colcon_core.package_identification:_identify(src/pick_place_arm) by extensions ['colcon_pkg']
[0.434s] Level 1:colcon.colcon_core.package_identification:_identify(src/pick_place_arm) by extension 'colcon_pkg'
[0.435s] Level 1:colcon.colcon_core.package_identification:_identify(src/pick_place_arm) by extensions ['colcon_meta']
[0.435s] Level 1:colcon.colcon_core.package_identification:_identify(src/pick_place_arm) by extension 'colcon_meta'
[0.435s] Level 1:colcon.colcon_core.package_identification:_identify(src/pick_place_arm) by extensions ['ros']
[0.435s] Level 1:colcon.colcon_core.package_identification:_identify(src/pick_place_arm) by extension 'ros'
[0.443s] DEBUG:colcon.colcon_core.package_identification:Package 'src/pick_place_arm' with type 'ros.ament_python' and name 'pick_place_arm'
[0.444s] Level 1:colcon.colcon_core.package_identification:_identify(src/pick_place_arms) by extensions ['ignore', 'ignore_ament_install']
[0.444s] Level 1:colcon.colcon_core.package_identification:_identify(src/pick_place_arms) by extension 'ignore'
[0.444s] Level 1:colcon.colcon_core.package_identification:_identify(src/pick_place_arms) by extension 'ignore_ament_install'
[0.445s] Level 1:colcon.colcon_core.package_identification:_identify(src/pick_place_arms) by extensions ['colcon_pkg']
[0.445s] Level 1:colcon.colcon_core.package_identification:_identify(src/pick_place_arms) by extension 'colcon_pkg'
[0.445s] Level 1:colcon.colcon_core.package_identification:_identify(src/pick_place_arms) by extensions ['colcon_meta']
[0.445s] Level 1:colcon.colcon_core.package_identification:_identify(src/pick_place_arms) by extension 'colcon_meta'
[0.445s] Level 1:colcon.colcon_core.package_identification:_identify(src/pick_place_arms) by extensions ['ros']
[0.445s] Level 1:colcon.colcon_core.package_identification:_identify(src/pick_place_arms) by extension 'ros'
[0.447s] DEBUG:colcon.colcon_core.package_identification:Package 'src/pick_place_arms' with type 'ros.ament_cmake' and name 'pick_place_arms'
[0.448s] Level 1:colcon.colcon_core.package_discovery:discover_packages(recursive) using defaults
[0.449s] Level 1:colcon.colcon_core.package_discovery:discover_packages(ignore) discover
[0.449s] Level 1:colcon.colcon_core.package_discovery:discover_packages(ignore) using defaults
[0.449s] Level 1:colcon.colcon_core.package_discovery:discover_packages(path) discover
[0.450s] Level 1:colcon.colcon_core.package_discovery:discover_packages(path) using defaults
[0.597s] Level 1:colcon.colcon_core.package_discovery:discover_packages(prefix_path) check parameters
[0.597s] Level 1:colcon.colcon_core.package_discovery:discover_packages(prefix_path) discover
[0.613s] DEBUG:colcon.colcon_installed_package_information.package_discovery:Found 2 installed packages in /home/nimrod/Documents/simple_arm/install
[0.624s] DEBUG:colcon.colcon_installed_package_information.package_discovery:Found 443 installed packages in /opt/ros/jazzy
[0.631s] Level 1:colcon.colcon_core.package_discovery:discover_packages(prefix_path) using defaults
[0.855s] Level 5:colcon.colcon_core.verb:set package 'pick_place_arm' build argument 'cmake_args' from command line to 'None'
[0.856s] Level 5:colcon.colcon_core.verb:set package 'pick_place_arm' build argument 'cmake_target' from command line to 'None'
[0.856s] Level 5:colcon.colcon_core.verb:set package 'pick_place_arm' build argument 'cmake_target_skip_unavailable' from command line to 'False'
[0.856s] Level 5:colcon.colcon_core.verb:set package 'pick_place_arm' build argument 'cmake_clean_cache' from command line to 'False'
[0.856s] Level 5:colcon.colcon_core.verb:set package 'pick_place_arm' build argument 'cmake_clean_first' from command line to 'False'
[0.856s] Level 5:colcon.colcon_core.verb:set package 'pick_place_arm' build argument 'cmake_force_configure' from command line to 'False'
[0.856s] Level 5:colcon.colcon_core.verb:set package 'pick_place_arm' build argument 'ament_cmake_args' from command line to 'None'
[0.857s] Level 5:colcon.colcon_core.verb:set package 'pick_place_arm' build argument 'catkin_cmake_args' from command line to 'None'
[0.857s] Level 5:colcon.colcon_core.verb:set package 'pick_place_arm' build argument 'catkin_skip_building_tests' from command line to 'False'
[0.857s] DEBUG:colcon.colcon_core.verb:Building package 'pick_place_arm' with the following arguments: {'ament_cmake_args': None, 'build_base': '/home/nimrod/Documents/simple_arm/build/pick_place_arm', 'catkin_cmake_args': None, 'catkin_skip_building_tests': False, 'cmake_args': None, 'cmake_clean_cache': False, 'cmake_clean_first': False, 'cmake_force_configure': False, 'cmake_target': None, 'cmake_target_skip_unavailable': False, 'install_base': '/home/nimrod/Documents/simple_arm/install/pick_place_arm', 'merge_install': False, 'path': '/home/nimrod/Documents/simple_arm/src/pick_place_arm', 'symlink_install': False, 'test_result_base': None}
[0.858s] Level 5:colcon.colcon_core.verb:set package 'pick_place_arms' build argument 'cmake_args' from command line to 'None'
[0.858s] Level 5:colcon.colcon_core.verb:set package 'pick_place_arms' build argument 'cmake_target' from command line to 'None'
[0.858s] Level 5:colcon.colcon_core.verb:set package 'pick_place_arms' build argument 'cmake_target_skip_unavailable' from command line to 'False'
[0.858s] Level 5:colcon.colcon_core.verb:set package 'pick_place_arms' build argument 'cmake_clean_cache' from command line to 'False'
[0.858s] Level 5:colcon.colcon_core.verb:set package 'pick_place_arms' build argument 'cmake_clean_first' from command line to 'False'
[0.859s] Level 5:colcon.colcon_core.verb:set package 'pick_place_arms' build argument 'cmake_force_configure' from command line to 'False'
[0.859s] Level 5:colcon.colcon_core.verb:set package 'pick_place_arms' build argument 'ament_cmake_args' from command line to 'None'
[0.859s] Level 5:colcon.colcon_core.verb:set package 'pick_place_arms' build argument 'catkin_cmake_args' from command line to 'None'
[0.859s] Level 5:colcon.colcon_core.verb:set package 'pick_place_arms' build argument 'catkin_skip_building_tests' from command line to 'False'
[0.859s] DEBUG:colcon.colcon_core.verb:Building package 'pick_place_arms' with the following arguments: {'ament_cmake_args': None, 'build_base': '/home/nimrod/Documents/simple_arm/build/pick_place_arms', 'catkin_cmake_args': None, 'catkin_skip_building_tests': False, 'cmake_args': None, 'cmake_clean_cache': False, 'cmake_clean_first': False, 'cmake_force_configure': False, 'cmake_target': None, 'cmake_target_skip_unavailable': False, 'install_base': '/home/nimrod/Documents/simple_arm/install/pick_place_arms', 'merge_install': False, 'path': '/home/nimrod/Documents/simple_arm/src/pick_place_arms', 'symlink_install': False, 'test_result_base': None}
[0.860s] INFO:colcon.colcon_core.executor:Executing jobs using 'parallel' executor
[0.862s] DEBUG:colcon.colcon_parallel_executor.executor.parallel:run_until_complete
[0.862s] INFO:colcon.colcon_ros.task.ament_python.build:Building ROS package in '/home/nimrod/Documents/simple_arm/src/pick_place_arm' with build type 'ament_python'
[0.863s] Level 1:colcon.colcon_core.shell:create_environment_hook('pick_place_arm', 'ament_prefix_path')
[0.869s] INFO:colcon.colcon_core.plugin_system:Skipping extension 'colcon_core.shell.bat': Not used on non-Windows systems
[0.870s] INFO:colcon.colcon_core.shell:Creating environment hook '/home/nimrod/Documents/simple_arm/install/pick_place_arm/share/pick_place_arm/hook/ament_prefix_path.ps1'
[0.873s] INFO:colcon.colcon_core.shell:Creating environment descriptor '/home/nimrod/Documents/simple_arm/install/pick_place_arm/share/pick_place_arm/hook/ament_prefix_path.dsv'
[0.875s] INFO:colcon.colcon_core.shell:Creating environment hook '/home/nimrod/Documents/simple_arm/install/pick_place_arm/share/pick_place_arm/hook/ament_prefix_path.sh'
[0.878s] INFO:colcon.colcon_core.shell:Skip shell extension 'powershell' for command environment: Not usable outside of PowerShell
[0.878s] DEBUG:colcon.colcon_core.shell:Skip shell extension 'dsv' for command environment
[0.901s] INFO:colcon.colcon_ros.task.ament_cmake.build:Building ROS package in '/home/nimrod/Documents/simple_arm/src/pick_place_arms' with build type 'ament_cmake'
[0.902s] INFO:colcon.colcon_cmake.task.cmake.build:Building CMake package in '/home/nimrod/Documents/simple_arm/src/pick_place_arms'
[0.902s] INFO:colcon.colcon_core.shell:Skip shell extension 'powershell' for command environment: Not usable outside of PowerShell
[0.902s] DEBUG:colcon.colcon_core.shell:Skip shell extension 'dsv' for command environment
[1.564s] INFO:colcon.colcon_core.task.python.build:Building Python package in '/home/nimrod/Documents/simple_arm/src/pick_place_arm'
[1.565s] INFO:colcon.colcon_core.shell:Skip shell extension 'powershell' for command environment: Not usable outside of PowerShell
[1.565s] DEBUG:colcon.colcon_core.shell:Skip shell extension 'dsv' for command environment
[1.592s] DEBUG:colcon.colcon_core.event_handler.log_command:Invoking command in '/home/nimrod/Documents/simple_arm/build/pick_place_arms': CMAKE_PREFIX_PATH=${CMAKE_PREFIX_PATH}:/home/nimrod/Documents/simple_arm/install/pick_place_arm:/opt/ros/jazzy DEBUGINFOD_URLS=https://debuginfod.ubuntu.com /usr/bin/cmake --build /home/nimrod/Documents/simple_arm/build/pick_place_arms -- -j4 -l4
[2.768s] DEBUG:colcon.colcon_core.event_handler.log_command:Invoked command in '/home/nimrod/Documents/simple_arm/build/pick_place_arms' returned '0': CMAKE_PREFIX_PATH=${CMAKE_PREFIX_PATH}:/home/nimrod/Documents/simple_arm/install/pick_place_arm:/opt/ros/jazzy DEBUGINFOD_URLS=https://debuginfod.ubuntu.com /usr/bin/cmake --build /home/nimrod/Documents/simple_arm/build/pick_place_arms -- -j4 -l4
[2.806s] DEBUG:colcon.colcon_core.event_handler.log_command:Invoking command in '/home/nimrod/Documents/simple_arm/build/pick_place_arms': CMAKE_PREFIX_PATH=${CMAKE_PREFIX_PATH}:/home/nimrod/Documents/simple_arm/install/pick_place_arm:/opt/ros/jazzy DEBUGINFOD_URLS=https://debuginfod.ubuntu.com /usr/bin/cmake --install /home/nimrod/Documents/simple_arm/build/pick_place_arms
[2.854s] Level 1:colcon.colcon_core.environment:create_environment_scripts_only(pick_place_arms)
[2.868s] Level 1:colcon.colcon_core.environment:checking '/home/nimrod/Documents/simple_arm/install/pick_place_arms' for CMake module files
[2.870s] Level 1:colcon.colcon_core.environment:checking '/home/nimrod/Documents/simple_arm/install/pick_place_arms' for CMake config files
[2.871s] DEBUG:colcon.colcon_core.event_handler.log_command:Invoked command in '/home/nimrod/Documents/simple_arm/build/pick_place_arms' returned '0': CMAKE_PREFIX_PATH=${CMAKE_PREFIX_PATH}:/home/nimrod/Documents/simple_arm/install/pick_place_arm:/opt/ros/jazzy DEBUGINFOD_URLS=https://debuginfod.ubuntu.com /usr/bin/cmake --install /home/nimrod/Documents/simple_arm/build/pick_place_arms
[2.872s] Level 1:colcon.colcon_core.shell:create_environment_hook('pick_place_arms', 'cmake_prefix_path')
[2.873s] INFO:colcon.colcon_core.shell:Creating environment hook '/home/nimrod/Documents/simple_arm/install/pick_place_arms/share/pick_place_arms/hook/cmake_prefix_path.ps1'
[2.874s] INFO:colcon.colcon_core.shell:Creating environment descriptor '/home/nimrod/Documents/simple_arm/install/pick_place_arms/share/pick_place_arms/hook/cmake_prefix_path.dsv'
[2.875s] INFO:colcon.colcon_core.shell:Creating environment hook '/home/nimrod/Documents/simple_arm/install/pick_place_arms/share/pick_place_arms/hook/cmake_prefix_path.sh'
[2.878s] Level 1:colcon.colcon_core.environment:checking '/home/nimrod/Documents/simple_arm/install/pick_place_arms/bin'
[2.879s] Level 1:colcon.colcon_core.environment:checking '/home/nimrod/Documents/simple_arm/install/pick_place_arms/lib/pkgconfig/pick_place_arms.pc'
[2.879s] Level 1:colcon.colcon_core.environment:checking '/home/nimrod/Documents/simple_arm/install/pick_place_arms/lib/python3.12/site-packages'
[2.880s] Level 1:colcon.colcon_core.environment:checking '/home/nimrod/Documents/simple_arm/install/pick_place_arms/bin'
[2.883s] INFO:colcon.colcon_core.shell:Creating package script '/home/nimrod/Documents/simple_arm/install/pick_place_arms/share/pick_place_arms/package.ps1'
[2.888s] INFO:colcon.colcon_core.shell:Creating package descriptor '/home/nimrod/Documents/simple_arm/install/pick_place_arms/share/pick_place_arms/package.dsv'
[2.892s] INFO:colcon.colcon_core.shell:Creating package script '/home/nimrod/Documents/simple_arm/install/pick_place_arms/share/pick_place_arms/package.sh'
[2.895s] INFO:colcon.colcon_core.shell:Creating package script '/home/nimrod/Documents/simple_arm/install/pick_place_arms/share/pick_place_arms/package.bash'
[2.897s] INFO:colcon.colcon_core.shell:Creating package script '/home/nimrod/Documents/simple_arm/install/pick_place_arms/share/pick_place_arms/package.zsh'
[2.898s] Level 1:colcon.colcon_core.environment:create_file_with_runtime_dependencies(/home/nimrod/Documents/simple_arm/install/pick_place_arms/share/colcon-core/packages/pick_place_arms)
[2.899s] Level 1:colcon.colcon_core.environment:create_environment_scripts_only(pick_place_arms)
[2.900s] Level 1:colcon.colcon_core.environment:checking '/home/nimrod/Documents/simple_arm/install/pick_place_arms' for CMake module files
[2.901s] Level 1:colcon.colcon_core.environment:checking '/home/nimrod/Documents/simple_arm/install/pick_place_arms' for CMake config files
[2.902s] Level 1:colcon.colcon_core.shell:create_environment_hook('pick_place_arms', 'cmake_prefix_path')
[2.902s] INFO:colcon.colcon_core.shell:Creating environment hook '/home/nimrod/Documents/simple_arm/install/pick_place_arms/share/pick_place_arms/hook/cmake_prefix_path.ps1'
[2.903s] INFO:colcon.colcon_core.shell:Creating environment descriptor '/home/nimrod/Documents/simple_arm/install/pick_place_arms/share/pick_place_arms/hook/cmake_prefix_path.dsv'
[2.904s] INFO:colcon.colcon_core.shell:Creating environment hook '/home/nimrod/Documents/simple_arm/install/pick_place_arms/share/pick_place_arms/hook/cmake_prefix_path.sh'
[2.906s] Level 1:colcon.colcon_core.environment:checking '/home/nimrod/Documents/simple_arm/install/pick_place_arms/bin'
[2.906s] Level 1:colcon.colcon_core.environment:checking '/home/nimrod/Documents/simple_arm/install/pick_place_arms/lib/pkgconfig/pick_place_arms.pc'
[2.909s] Level 1:colcon.colcon_core.environment:checking '/home/nimrod/Documents/simple_arm/install/pick_place_arms/lib/python3.12/site-packages'
[2.909s] Level 1:colcon.colcon_core.environment:checking '/home/nimrod/Documents/simple_arm/install/pick_place_arms/bin'
[2.910s] INFO:colcon.colcon_core.shell:Creating package script '/home/nimrod/Documents/simple_arm/install/pick_place_arms/share/pick_place_arms/package.ps1'
[2.912s] INFO:colcon.colcon_core.shell:Creating package descriptor '/home/nimrod/Documents/simple_arm/install/pick_place_arms/share/pick_place_arms/package.dsv'
[2.914s] INFO:colcon.colcon_core.shell:Creating package script '/home/nimrod/Documents/simple_arm/install/pick_place_arms/share/pick_place_arms/package.sh'
[2.915s] INFO:colcon.colcon_core.shell:Creating package script '/home/nimrod/Documents/simple_arm/install/pick_place_arms/share/pick_place_arms/package.bash'
[2.916s] INFO:colcon.colcon_core.shell:Creating package script '/home/nimrod/Documents/simple_arm/install/pick_place_arms/share/pick_place_arms/package.zsh'
[2.917s] Level 1:colcon.colcon_core.environment:create_file_with_runtime_dependencies(/home/nimrod/Documents/simple_arm/install/pick_place_arms/share/colcon-core/packages/pick_place_arms)
[3.718s] DEBUG:colcon.colcon_core.event_handler.log_command:Invoking command in '/home/nimrod/Documents/simple_arm/src/pick_place_arm': DEBUGINFOD_URLS=https://debuginfod.ubuntu.com PYTHONPATH=/home/nimrod/Documents/simple_arm/build/pick_place_arm/prefix_override:/usr/lib/python3/dist-packages/colcon_core/task/python/colcon_distutils_commands:/home/nimrod/Documents/simple_arm/install/pick_place_arm/lib/python3.12/site-packages:${PYTHONPATH} /usr/bin/python3 -W ignore:setup.py install is deprecated -W ignore:easy_install command is deprecated setup.py egg_info --egg-base ../../build/pick_place_arm build --build-base /home/nimrod/Documents/simple_arm/build/pick_place_arm/build install --record /home/nimrod/Documents/simple_arm/build/pick_place_arm/install.log --single-version-externally-managed install_data
[5.822s] Level 1:colcon.colcon_core.environment:checking '/home/nimrod/Documents/simple_arm/install/pick_place_arm' for CMake module files
[5.823s] DEBUG:colcon.colcon_core.event_handler.log_command:Invoked command in '/home/nimrod/Documents/simple_arm/src/pick_place_arm' returned '0': DEBUGINFOD_URLS=https://debuginfod.ubuntu.com PYTHONPATH=/home/nimrod/Documents/simple_arm/build/pick_place_arm/prefix_override:/usr/lib/python3/dist-packages/colcon_core/task/python/colcon_distutils_commands:/home/nimrod/Documents/simple_arm/install/pick_place_arm/lib/python3.12/site-packages:${PYTHONPATH} /usr/bin/python3 -W ignore:setup.py install is deprecated -W ignore:easy_install command is deprecated setup.py egg_info --egg-base ../../build/pick_place_arm build --build-base /home/nimrod/Documents/simple_arm/build/pick_place_arm/build install --record /home/nimrod/Documents/simple_arm/build/pick_place_arm/install.log --single-version-externally-managed install_data
[5.825s] Level 1:colcon.colcon_core.environment:checking '/home/nimrod/Documents/simple_arm/install/pick_place_arm' for CMake config files
[5.827s] Level 1:colcon.colcon_core.environment:checking '/home/nimrod/Documents/simple_arm/install/pick_place_arm/lib'
[5.828s] Level 1:colcon.colcon_core.environment:checking '/home/nimrod/Documents/simple_arm/install/pick_place_arm/bin'
[5.828s] Level 1:colcon.colcon_core.environment:checking '/home/nimrod/Documents/simple_arm/install/pick_place_arm/lib/pkgconfig/pick_place_arm.pc'
[5.829s] Level 1:colcon.colcon_core.environment:checking '/home/nimrod/Documents/simple_arm/install/pick_place_arm/lib/python3.12/site-packages'
[5.829s] Level 1:colcon.colcon_core.shell:create_environment_hook('pick_place_arm', 'pythonpath')
[5.830s] INFO:colcon.colcon_core.shell:Creating environment hook '/home/nimrod/Documents/simple_arm/install/pick_place_arm/share/pick_place_arm/hook/pythonpath.ps1'
[5.831s] INFO:colcon.colcon_core.shell:Creating environment descriptor '/home/nimrod/Documents/simple_arm/install/pick_place_arm/share/pick_place_arm/hook/pythonpath.dsv'
[5.832s] INFO:colcon.colcon_core.shell:Creating environment hook '/home/nimrod/Documents/simple_arm/install/pick_place_arm/share/pick_place_arm/hook/pythonpath.sh'
[5.834s] Level 1:colcon.colcon_core.environment:checking '/home/nimrod/Documents/simple_arm/install/pick_place_arm/bin'
[5.834s] Level 1:colcon.colcon_core.environment:create_environment_scripts_only(pick_place_arm)
[5.835s] INFO:colcon.colcon_core.shell:Creating package script '/home/nimrod/Documents/simple_arm/install/pick_place_arm/share/pick_place_arm/package.ps1'
[5.837s] INFO:colcon.colcon_core.shell:Creating package descriptor '/home/nimrod/Documents/simple_arm/install/pick_place_arm/share/pick_place_arm/package.dsv'
[5.838s] INFO:colcon.colcon_core.shell:Creating package script '/home/nimrod/Documents/simple_arm/install/pick_place_arm/share/pick_place_arm/package.sh'
[5.839s] INFO:colcon.colcon_core.shell:Creating package script '/home/nimrod/Documents/simple_arm/install/pick_place_arm/share/pick_place_arm/package.bash'
[5.840s] INFO:colcon.colcon_core.shell:Creating package script '/home/nimrod/Documents/simple_arm/install/pick_place_arm/share/pick_place_arm/package.zsh'
[5.841s] Level 1:colcon.colcon_core.environment:create_file_with_runtime_dependencies(/home/nimrod/Documents/simple_arm/install/pick_place_arm/share/colcon-core/packages/pick_place_arm)
[5.842s] DEBUG:colcon.colcon_parallel_executor.executor.parallel:closing loop
[5.843s] DEBUG:colcon.colcon_parallel_executor.executor.parallel:loop closed
[5.844s] DEBUG:colcon.colcon_parallel_executor.executor.parallel:run_until_complete finished with '0'
[5.845s] DEBUG:colcon.colcon_core.event_reactor:joining thread
[5.872s] INFO:colcon.colcon_core.plugin_system:Skipping extension 'colcon_notification.desktop_notification.terminal_notifier': Not used on non-Darwin systems
[5.872s] INFO:colcon.colcon_core.plugin_system:Skipping extension 'colcon_notification.desktop_notification.win32': Not used on non-Windows systems
[5.872s] INFO:colcon.colcon_notification.desktop_notification:Sending desktop notification using 'notify2'
[5.912s] DEBUG:colcon.colcon_core.event_reactor:joined thread
[5.913s] INFO:colcon.colcon_core.shell:Creating prefix script '/home/nimrod/Documents/simple_arm/install/local_setup.ps1'
[5.915s] INFO:colcon.colcon_core.shell:Creating prefix util module '/home/nimrod/Documents/simple_arm/install/_local_setup_util_ps1.py'
[5.919s] INFO:colcon.colcon_core.shell:Creating prefix chain script '/home/nimrod/Documents/simple_arm/install/setup.ps1'
[5.923s] INFO:colcon.colcon_core.shell:Creating prefix script '/home/nimrod/Documents/simple_arm/install/local_setup.sh'
[5.925s] INFO:colcon.colcon_core.shell:Creating prefix util module '/home/nimrod/Documents/simple_arm/install/_local_setup_util_sh.py'
[5.927s] INFO:colcon.colcon_core.shell:Creating prefix chain script '/home/nimrod/Documents/simple_arm/install/setup.sh'
[5.930s] INFO:colcon.colcon_core.shell:Creating prefix script '/home/nimrod/Documents/simple_arm/install/local_setup.bash'
[5.933s] INFO:colcon.colcon_core.shell:Creating prefix chain script '/home/nimrod/Documents/simple_arm/install/setup.bash'
[5.937s] INFO:colcon.colcon_core.shell:Creating prefix script '/home/nimrod/Documents/simple_arm/install/local_setup.zsh'
[5.939s] INFO:colcon.colcon_core.shell:Creating prefix chain script '/home/nimrod/Documents/simple_arm/install/setup.zsh'
