[0.556s] Invoking command in '/home/nimrod/Documents/simple_arm/build/pick_place_arms': CMAKE_PREFIX_PATH=${CMAKE_PREFIX_PATH}:/home/nimrod/Documents/simple_arm/install/pick_place_arm:/opt/ros/jazzy DEBUGINFOD_URLS=https://debuginfod.ubuntu.com /usr/bin/cmake --build /home/nimrod/Documents/simple_arm/build/pick_place_arms -- -j4 -l4
[0.619s] -- Found ament_cmake: 2.5.4 (/opt/ros/jazzy/share/ament_cmake/cmake)
[1.097s] -- Found ament_lint_auto: 0.17.3 (/opt/ros/jazzy/share/ament_lint_auto/cmake)
[1.303s] -- Added test 'flake8' to check Python code syntax and style conventions
[1.303s] -- Configured 'flake8' exclude dirs and/or files: 
[1.304s] -- Added test 'lint_cmake' to check CMake code style
[1.306s] -- Added test 'pep257' to check Python code against some of the docstring style conventions in PEP 257
[1.310s] -- Added test 'xmllint' to check XML markup files
[1.314s] -- Configuring done (0.7s)
[1.321s] -- Generating done (0.0s)
[1.327s] -- Build files have been written to: /home/nimrod/Documents/simple_arm/build/pick_place_arms
[1.378s] Invoked command in '/home/nimrod/Documents/simple_arm/build/pick_place_arms' returned '0': CMAKE_PREFIX_PATH=${CMAKE_PREFIX_PATH}:/home/nimrod/Documents/simple_arm/install/pick_place_arm:/opt/ros/jazzy DEBUGINFOD_URLS=https://debuginfod.ubuntu.com /usr/bin/cmake --build /home/nimrod/Documents/simple_arm/build/pick_place_arms -- -j4 -l4
[1.405s] Invoking command in '/home/nimrod/Documents/simple_arm/build/pick_place_arms': CMAKE_PREFIX_PATH=${CMAKE_PREFIX_PATH}:/home/nimrod/Documents/simple_arm/install/pick_place_arm:/opt/ros/jazzy DEBUGINFOD_URLS=https://debuginfod.ubuntu.com /usr/bin/cmake --install /home/nimrod/Documents/simple_arm/build/pick_place_arms
[1.424s] -- Install configuration: ""
[1.425s] -- Installing: /home/nimrod/Documents/simple_arm/install/pick_place_arms/share/pick_place_arms/launch
[1.425s] -- Installing: /home/nimrod/Documents/simple_arm/install/pick_place_arms/share/pick_place_arms/launch/pick_place_world.py
[1.426s] -- Installing: /home/nimrod/Documents/simple_arm/install/pick_place_arms/share/pick_place_arms/meshes
[1.426s] -- Installing: /home/nimrod/Documents/simple_arm/install/pick_place_arms/share/pick_place_arms/meshes/Right gripper.stl
[1.427s] -- Installing: /home/nimrod/Documents/simple_arm/install/pick_place_arms/share/pick_place_arms/meshes/Base.stl
[1.427s] -- Installing: /home/nimrod/Documents/simple_arm/install/pick_place_arms/share/pick_place_arms/meshes/Left gripper.stl
[1.428s] -- Installing: /home/nimrod/Documents/simple_arm/install/pick_place_arms/share/pick_place_arms/meshes/Shoulder.stl
[1.428s] -- Installing: /home/nimrod/Documents/simple_arm/install/pick_place_arms/share/pick_place_arms/meshes/Shoulder_arm.stl
[1.429s] -- Installing: /home/nimrod/Documents/simple_arm/install/pick_place_arms/share/pick_place_arms/meshes/arm.stl
[1.429s] -- Installing: /home/nimrod/Documents/simple_arm/install/pick_place_arms/share/pick_place_arms/rviz
[1.430s] -- Installing: /home/nimrod/Documents/simple_arm/install/pick_place_arms/share/pick_place_arms/urdf
[1.430s] -- Installing: /home/nimrod/Documents/simple_arm/install/pick_place_arms/share/pick_place_arms/urdf/pick_place.urdf
[1.432s] -- Installing: /home/nimrod/Documents/simple_arm/install/pick_place_arms/share/pick_place_arms/worlds
[1.432s] -- Installing: /home/nimrod/Documents/simple_arm/install/pick_place_arms/share/pick_place_arms/worlds/pick.sdf
[1.432s] -- Up-to-date: /home/nimrod/Documents/simple_arm/install/pick_place_arms/share/ament_index/resource_index/package_run_dependencies/pick_place_arms
[1.433s] -- Installing: /home/nimrod/Documents/simple_arm/install/pick_place_arms/share/ament_index/resource_index/parent_prefix_path/pick_place_arms
[1.433s] -- Up-to-date: /home/nimrod/Documents/simple_arm/install/pick_place_arms/share/pick_place_arms/environment/ament_prefix_path.sh
[1.433s] -- Up-to-date: /home/nimrod/Documents/simple_arm/install/pick_place_arms/share/pick_place_arms/environment/ament_prefix_path.dsv
[1.433s] -- Up-to-date: /home/nimrod/Documents/simple_arm/install/pick_place_arms/share/pick_place_arms/environment/path.sh
[1.434s] -- Up-to-date: /home/nimrod/Documents/simple_arm/install/pick_place_arms/share/pick_place_arms/environment/path.dsv
[1.434s] -- Up-to-date: /home/nimrod/Documents/simple_arm/install/pick_place_arms/share/pick_place_arms/local_setup.bash
[1.435s] -- Up-to-date: /home/nimrod/Documents/simple_arm/install/pick_place_arms/share/pick_place_arms/local_setup.sh
[1.435s] -- Up-to-date: /home/nimrod/Documents/simple_arm/install/pick_place_arms/share/pick_place_arms/local_setup.zsh
[1.436s] -- Up-to-date: /home/nimrod/Documents/simple_arm/install/pick_place_arms/share/pick_place_arms/local_setup.dsv
[1.436s] -- Up-to-date: /home/nimrod/Documents/simple_arm/install/pick_place_arms/share/pick_place_arms/package.dsv
[1.437s] -- Up-to-date: /home/nimrod/Documents/simple_arm/install/pick_place_arms/share/ament_index/resource_index/packages/pick_place_arms
[1.438s] -- Up-to-date: /home/nimrod/Documents/simple_arm/install/pick_place_arms/share/pick_place_arms/cmake/pick_place_armsConfig.cmake
[1.438s] -- Up-to-date: /home/nimrod/Documents/simple_arm/install/pick_place_arms/share/pick_place_arms/cmake/pick_place_armsConfig-version.cmake
[1.439s] -- Up-to-date: /home/nimrod/Documents/simple_arm/install/pick_place_arms/share/pick_place_arms/package.xml
[1.439s] Invoked command in '/home/nimrod/Documents/simple_arm/build/pick_place_arms' returned '0': CMAKE_PREFIX_PATH=${CMAKE_PREFIX_PATH}:/home/nimrod/Documents/simple_arm/install/pick_place_arm:/opt/ros/jazzy DEBUGINFOD_URLS=https://debuginfod.ubuntu.com /usr/bin/cmake --install /home/nimrod/Documents/simple_arm/build/pick_place_arms
