[0.149s] DEBUG:colcon:Command line arguments: ['/usr/bin/colcon', 'build']
[0.149s] DEBUG:colcon:Parsed command line arguments: Namespace(log_base=None, log_level=None, verb_name='build', build_base='build', install_base='install', merge_install=False, symlink_install=False, test_result_base=None, continue_on_error=False, executor='parallel', parallel_workers=4, event_handlers=None, ignore_user_meta=False, metas=['./colcon.meta'], base_paths=['.'], packages_ignore=None, packages_ignore_regex=None, paths=None, packages_up_to=None, packages_up_to_regex=None, packages_above=None, packages_above_and_dependencies=None, packages_above_depth=None, packages_select_by_dep=None, packages_skip_by_dep=None, packages_skip_up_to=None, packages_select_build_failed=False, packages_skip_build_finished=False, packages_select_test_failures=False, packages_skip_test_passed=False, packages_select=None, packages_skip=None, packages_select_regex=None, packages_skip_regex=None, packages_start=None, packages_end=None, allow_overriding=[], cmake_args=None, cmake_target=None, cmake_target_skip_unavailable=False, cmake_clean_cache=False, cmake_clean_first=False, cmake_force_configure=False, ament_cmake_args=None, catkin_cmake_args=None, catkin_skip_building_tests=False, mixin_files=None, mixin=None, verb_parser=<colcon_mixin.mixin.mixin_argument.MixinArgumentDecorator object at 0x7ca71f6a53a0>, verb_extension=<colcon_core.verb.build.BuildVerb object at 0x7ca71f6a5130>, main=<bound method BuildVerb.main of <colcon_core.verb.build.BuildVerb object at 0x7ca71f6a5130>>, mixin_verb=('build',))
[0.205s] Level 1:colcon.colcon_core.package_discovery:discover_packages(colcon_meta) check parameters
[0.205s] Level 1:colcon.colcon_core.package_discovery:discover_packages(recursive) check parameters
[0.205s] Level 1:colcon.colcon_core.package_discovery:discover_packages(ignore) check parameters
[0.205s] Level 1:colcon.colcon_core.package_discovery:discover_packages(path) check parameters
[0.205s] Level 1:colcon.colcon_core.package_discovery:discover_packages(colcon_meta) discover
[0.205s] Level 1:colcon.colcon_core.package_discovery:discover_packages(recursive) discover
[0.205s] INFO:colcon.colcon_core.package_discovery:Crawling recursively for packages in '/home/nimrod/Documents/simple_arm'
[0.205s] Level 1:colcon.colcon_core.package_identification:_identify(.) by extensions ['ignore', 'ignore_ament_install']
[0.206s] Level 1:colcon.colcon_core.package_identification:_identify(.) by extension 'ignore'
[0.206s] Level 1:colcon.colcon_core.package_identification:_identify(.) by extension 'ignore_ament_install'
[0.206s] Level 1:colcon.colcon_core.package_identification:_identify(.) by extensions ['colcon_pkg']
[0.206s] Level 1:colcon.colcon_core.package_identification:_identify(.) by extension 'colcon_pkg'
[0.206s] Level 1:colcon.colcon_core.package_identification:_identify(.) by extensions ['colcon_meta']
[0.206s] Level 1:colcon.colcon_core.package_identification:_identify(.) by extension 'colcon_meta'
[0.206s] Level 1:colcon.colcon_core.package_identification:_identify(.) by extensions ['ros']
[0.206s] Level 1:colcon.colcon_core.package_identification:_identify(.) by extension 'ros'
[0.239s] Level 1:colcon.colcon_core.package_identification:_identify(.) by extensions ['cmake', 'python']
[0.239s] Level 1:colcon.colcon_core.package_identification:_identify(.) by extension 'cmake'
[0.239s] Level 1:colcon.colcon_core.package_identification:_identify(.) by extension 'python'
[0.239s] Level 1:colcon.colcon_core.package_identification:_identify(.) by extensions ['python_setup_py']
[0.240s] Level 1:colcon.colcon_core.package_identification:_identify(.) by extension 'python_setup_py'
[0.240s] Level 1:colcon.colcon_core.package_identification:_identify(build) by extensions ['ignore', 'ignore_ament_install']
[0.240s] Level 1:colcon.colcon_core.package_identification:_identify(build) by extension 'ignore'
[0.240s] Level 1:colcon.colcon_core.package_identification:_identify(build) ignored
[0.240s] Level 1:colcon.colcon_core.package_identification:_identify(install) by extensions ['ignore', 'ignore_ament_install']
[0.240s] Level 1:colcon.colcon_core.package_identification:_identify(install) by extension 'ignore'
[0.240s] Level 1:colcon.colcon_core.package_identification:_identify(install) ignored
[0.240s] Level 1:colcon.colcon_core.package_identification:_identify(log) by extensions ['ignore', 'ignore_ament_install']
[0.240s] Level 1:colcon.colcon_core.package_identification:_identify(log) by extension 'ignore'
[0.240s] Level 1:colcon.colcon_core.package_identification:_identify(log) ignored
[0.241s] Level 1:colcon.colcon_core.package_identification:_identify(src) by extensions ['ignore', 'ignore_ament_install']
[0.241s] Level 1:colcon.colcon_core.package_identification:_identify(src) by extension 'ignore'
[0.241s] Level 1:colcon.colcon_core.package_identification:_identify(src) by extension 'ignore_ament_install'
[0.241s] Level 1:colcon.colcon_core.package_identification:_identify(src) by extensions ['colcon_pkg']
[0.241s] Level 1:colcon.colcon_core.package_identification:_identify(src) by extension 'colcon_pkg'
[0.241s] Level 1:colcon.colcon_core.package_identification:_identify(src) by extensions ['colcon_meta']
[0.241s] Level 1:colcon.colcon_core.package_identification:_identify(src) by extension 'colcon_meta'
[0.241s] Level 1:colcon.colcon_core.package_identification:_identify(src) by extensions ['ros']
[0.241s] Level 1:colcon.colcon_core.package_identification:_identify(src) by extension 'ros'
[0.241s] Level 1:colcon.colcon_core.package_identification:_identify(src) by extensions ['cmake', 'python']
[0.241s] Level 1:colcon.colcon_core.package_identification:_identify(src) by extension 'cmake'
[0.241s] Level 1:colcon.colcon_core.package_identification:_identify(src) by extension 'python'
[0.241s] Level 1:colcon.colcon_core.package_identification:_identify(src) by extensions ['python_setup_py']
[0.241s] Level 1:colcon.colcon_core.package_identification:_identify(src) by extension 'python_setup_py'
[0.241s] Level 1:colcon.colcon_core.package_identification:_identify(src/pick_place_arms) by extensions ['ignore', 'ignore_ament_install']
[0.242s] Level 1:colcon.colcon_core.package_identification:_identify(src/pick_place_arms) by extension 'ignore'
[0.242s] Level 1:colcon.colcon_core.package_identification:_identify(src/pick_place_arms) by extension 'ignore_ament_install'
[0.242s] Level 1:colcon.colcon_core.package_identification:_identify(src/pick_place_arms) by extensions ['colcon_pkg']
[0.242s] Level 1:colcon.colcon_core.package_identification:_identify(src/pick_place_arms) by extension 'colcon_pkg'
[0.242s] Level 1:colcon.colcon_core.package_identification:_identify(src/pick_place_arms) by extensions ['colcon_meta']
[0.242s] Level 1:colcon.colcon_core.package_identification:_identify(src/pick_place_arms) by extension 'colcon_meta'
[0.242s] Level 1:colcon.colcon_core.package_identification:_identify(src/pick_place_arms) by extensions ['ros']
[0.242s] Level 1:colcon.colcon_core.package_identification:_identify(src/pick_place_arms) by extension 'ros'
[0.245s] DEBUG:colcon.colcon_core.package_identification:Package 'src/pick_place_arms' with type 'ros.ament_cmake' and name 'pick_place_arms'
[0.245s] Level 1:colcon.colcon_core.package_discovery:discover_packages(recursive) using defaults
[0.245s] Level 1:colcon.colcon_core.package_discovery:discover_packages(ignore) discover
[0.245s] Level 1:colcon.colcon_core.package_discovery:discover_packages(ignore) using defaults
[0.245s] Level 1:colcon.colcon_core.package_discovery:discover_packages(path) discover
[0.245s] Level 1:colcon.colcon_core.package_discovery:discover_packages(path) using defaults
[0.267s] Level 1:colcon.colcon_core.package_discovery:discover_packages(prefix_path) check parameters
[0.267s] Level 1:colcon.colcon_core.package_discovery:discover_packages(prefix_path) discover
[0.269s] DEBUG:colcon.colcon_installed_package_information.package_discovery:Found 2 installed packages in /home/nimrod/Documents/simple_arm/install
[0.272s] DEBUG:colcon.colcon_installed_package_information.package_discovery:Found 443 installed packages in /opt/ros/jazzy
[0.274s] Level 1:colcon.colcon_core.package_discovery:discover_packages(prefix_path) using defaults
[0.357s] Level 5:colcon.colcon_core.verb:set package 'pick_place_arms' build argument 'cmake_args' from command line to 'None'
[0.357s] Level 5:colcon.colcon_core.verb:set package 'pick_place_arms' build argument 'cmake_target' from command line to 'None'
[0.357s] Level 5:colcon.colcon_core.verb:set package 'pick_place_arms' build argument 'cmake_target_skip_unavailable' from command line to 'False'
[0.357s] Level 5:colcon.colcon_core.verb:set package 'pick_place_arms' build argument 'cmake_clean_cache' from command line to 'False'
[0.357s] Level 5:colcon.colcon_core.verb:set package 'pick_place_arms' build argument 'cmake_clean_first' from command line to 'False'
[0.357s] Level 5:colcon.colcon_core.verb:set package 'pick_place_arms' build argument 'cmake_force_configure' from command line to 'False'
[0.357s] Level 5:colcon.colcon_core.verb:set package 'pick_place_arms' build argument 'ament_cmake_args' from command line to 'None'
[0.357s] Level 5:colcon.colcon_core.verb:set package 'pick_place_arms' build argument 'catkin_cmake_args' from command line to 'None'
[0.358s] Level 5:colcon.colcon_core.verb:set package 'pick_place_arms' build argument 'catkin_skip_building_tests' from command line to 'False'
[0.358s] DEBUG:colcon.colcon_core.verb:Building package 'pick_place_arms' with the following arguments: {'ament_cmake_args': None, 'build_base': '/home/nimrod/Documents/simple_arm/build/pick_place_arms', 'catkin_cmake_args': None, 'catkin_skip_building_tests': False, 'cmake_args': None, 'cmake_clean_cache': False, 'cmake_clean_first': False, 'cmake_force_configure': False, 'cmake_target': None, 'cmake_target_skip_unavailable': False, 'install_base': '/home/nimrod/Documents/simple_arm/install/pick_place_arms', 'merge_install': False, 'path': '/home/nimrod/Documents/simple_arm/src/pick_place_arms', 'symlink_install': False, 'test_result_base': None}
[0.358s] INFO:colcon.colcon_core.executor:Executing jobs using 'parallel' executor
[0.359s] DEBUG:colcon.colcon_parallel_executor.executor.parallel:run_until_complete
[0.359s] INFO:colcon.colcon_ros.task.ament_cmake.build:Building ROS package in '/home/nimrod/Documents/simple_arm/src/pick_place_arms' with build type 'ament_cmake'
[0.359s] INFO:colcon.colcon_cmake.task.cmake.build:Building CMake package in '/home/nimrod/Documents/simple_arm/src/pick_place_arms'
[0.363s] INFO:colcon.colcon_core.plugin_system:Skipping extension 'colcon_core.shell.bat': Not used on non-Windows systems
[0.363s] INFO:colcon.colcon_core.shell:Skip shell extension 'powershell' for command environment: Not usable outside of PowerShell
[0.363s] DEBUG:colcon.colcon_core.shell:Skip shell extension 'dsv' for command environment
[0.377s] DEBUG:colcon.colcon_core.event_handler.log_command:Invoking command in '/home/nimrod/Documents/simple_arm/build/pick_place_arms': CMAKE_PREFIX_PATH=${CMAKE_PREFIX_PATH}:/home/nimrod/Documents/simple_arm/install/pick_place_arm:/opt/ros/jazzy DEBUGINFOD_URLS=https://debuginfod.ubuntu.com /usr/bin/cmake --build /home/nimrod/Documents/simple_arm/build/pick_place_arms -- -j4 -l4
[0.436s] DEBUG:colcon.colcon_core.event_handler.log_command:Invoked command in '/home/nimrod/Documents/simple_arm/build/pick_place_arms' returned '0': CMAKE_PREFIX_PATH=${CMAKE_PREFIX_PATH}:/home/nimrod/Documents/simple_arm/install/pick_place_arm:/opt/ros/jazzy DEBUGINFOD_URLS=https://debuginfod.ubuntu.com /usr/bin/cmake --build /home/nimrod/Documents/simple_arm/build/pick_place_arms -- -j4 -l4
[0.450s] DEBUG:colcon.colcon_core.event_handler.log_command:Invoking command in '/home/nimrod/Documents/simple_arm/build/pick_place_arms': CMAKE_PREFIX_PATH=${CMAKE_PREFIX_PATH}:/home/nimrod/Documents/simple_arm/install/pick_place_arm:/opt/ros/jazzy DEBUGINFOD_URLS=https://debuginfod.ubuntu.com /usr/bin/cmake --install /home/nimrod/Documents/simple_arm/build/pick_place_arms
[0.470s] Level 1:colcon.colcon_core.environment:create_environment_scripts_only(pick_place_arms)
[0.473s] DEBUG:colcon.colcon_core.event_handler.log_command:Invoked command in '/home/nimrod/Documents/simple_arm/build/pick_place_arms' returned '0': CMAKE_PREFIX_PATH=${CMAKE_PREFIX_PATH}:/home/nimrod/Documents/simple_arm/install/pick_place_arm:/opt/ros/jazzy DEBUGINFOD_URLS=https://debuginfod.ubuntu.com /usr/bin/cmake --install /home/nimrod/Documents/simple_arm/build/pick_place_arms
[0.475s] Level 1:colcon.colcon_core.environment:checking '/home/nimrod/Documents/simple_arm/install/pick_place_arms' for CMake module files
[0.476s] Level 1:colcon.colcon_core.environment:checking '/home/nimrod/Documents/simple_arm/install/pick_place_arms' for CMake config files
[0.477s] Level 1:colcon.colcon_core.shell:create_environment_hook('pick_place_arms', 'cmake_prefix_path')
[0.477s] INFO:colcon.colcon_core.shell:Creating environment hook '/home/nimrod/Documents/simple_arm/install/pick_place_arms/share/pick_place_arms/hook/cmake_prefix_path.ps1'
[0.478s] INFO:colcon.colcon_core.shell:Creating environment descriptor '/home/nimrod/Documents/simple_arm/install/pick_place_arms/share/pick_place_arms/hook/cmake_prefix_path.dsv'
[0.479s] INFO:colcon.colcon_core.shell:Creating environment hook '/home/nimrod/Documents/simple_arm/install/pick_place_arms/share/pick_place_arms/hook/cmake_prefix_path.sh'
[0.480s] Level 1:colcon.colcon_core.environment:checking '/home/nimrod/Documents/simple_arm/install/pick_place_arms/bin'
[0.480s] Level 1:colcon.colcon_core.environment:checking '/home/nimrod/Documents/simple_arm/install/pick_place_arms/lib/pkgconfig/pick_place_arms.pc'
[0.480s] Level 1:colcon.colcon_core.environment:checking '/home/nimrod/Documents/simple_arm/install/pick_place_arms/lib/python3.12/site-packages'
[0.480s] Level 1:colcon.colcon_core.environment:checking '/home/nimrod/Documents/simple_arm/install/pick_place_arms/bin'
[0.480s] INFO:colcon.colcon_core.shell:Creating package script '/home/nimrod/Documents/simple_arm/install/pick_place_arms/share/pick_place_arms/package.ps1'
[0.481s] INFO:colcon.colcon_core.shell:Creating package descriptor '/home/nimrod/Documents/simple_arm/install/pick_place_arms/share/pick_place_arms/package.dsv'
[0.482s] INFO:colcon.colcon_core.shell:Creating package script '/home/nimrod/Documents/simple_arm/install/pick_place_arms/share/pick_place_arms/package.sh'
[0.483s] INFO:colcon.colcon_core.shell:Creating package script '/home/nimrod/Documents/simple_arm/install/pick_place_arms/share/pick_place_arms/package.bash'
[0.484s] INFO:colcon.colcon_core.shell:Creating package script '/home/nimrod/Documents/simple_arm/install/pick_place_arms/share/pick_place_arms/package.zsh'
[0.484s] Level 1:colcon.colcon_core.environment:create_file_with_runtime_dependencies(/home/nimrod/Documents/simple_arm/install/pick_place_arms/share/colcon-core/packages/pick_place_arms)
[0.485s] Level 1:colcon.colcon_core.environment:create_environment_scripts_only(pick_place_arms)
[0.485s] Level 1:colcon.colcon_core.environment:checking '/home/nimrod/Documents/simple_arm/install/pick_place_arms' for CMake module files
[0.486s] Level 1:colcon.colcon_core.environment:checking '/home/nimrod/Documents/simple_arm/install/pick_place_arms' for CMake config files
[0.486s] Level 1:colcon.colcon_core.shell:create_environment_hook('pick_place_arms', 'cmake_prefix_path')
[0.486s] INFO:colcon.colcon_core.shell:Creating environment hook '/home/nimrod/Documents/simple_arm/install/pick_place_arms/share/pick_place_arms/hook/cmake_prefix_path.ps1'
[0.487s] INFO:colcon.colcon_core.shell:Creating environment descriptor '/home/nimrod/Documents/simple_arm/install/pick_place_arms/share/pick_place_arms/hook/cmake_prefix_path.dsv'
[0.487s] INFO:colcon.colcon_core.shell:Creating environment hook '/home/nimrod/Documents/simple_arm/install/pick_place_arms/share/pick_place_arms/hook/cmake_prefix_path.sh'
[0.488s] Level 1:colcon.colcon_core.environment:checking '/home/nimrod/Documents/simple_arm/install/pick_place_arms/bin'
[0.488s] Level 1:colcon.colcon_core.environment:checking '/home/nimrod/Documents/simple_arm/install/pick_place_arms/lib/pkgconfig/pick_place_arms.pc'
[0.488s] Level 1:colcon.colcon_core.environment:checking '/home/nimrod/Documents/simple_arm/install/pick_place_arms/lib/python3.12/site-packages'
[0.488s] Level 1:colcon.colcon_core.environment:checking '/home/nimrod/Documents/simple_arm/install/pick_place_arms/bin'
[0.489s] INFO:colcon.colcon_core.shell:Creating package script '/home/nimrod/Documents/simple_arm/install/pick_place_arms/share/pick_place_arms/package.ps1'
[0.489s] INFO:colcon.colcon_core.shell:Creating package descriptor '/home/nimrod/Documents/simple_arm/install/pick_place_arms/share/pick_place_arms/package.dsv'
[0.490s] INFO:colcon.colcon_core.shell:Creating package script '/home/nimrod/Documents/simple_arm/install/pick_place_arms/share/pick_place_arms/package.sh'
[0.491s] INFO:colcon.colcon_core.shell:Creating package script '/home/nimrod/Documents/simple_arm/install/pick_place_arms/share/pick_place_arms/package.bash'
[0.492s] INFO:colcon.colcon_core.shell:Creating package script '/home/nimrod/Documents/simple_arm/install/pick_place_arms/share/pick_place_arms/package.zsh'
[0.492s] Level 1:colcon.colcon_core.environment:create_file_with_runtime_dependencies(/home/nimrod/Documents/simple_arm/install/pick_place_arms/share/colcon-core/packages/pick_place_arms)
[0.492s] DEBUG:colcon.colcon_parallel_executor.executor.parallel:closing loop
[0.493s] DEBUG:colcon.colcon_parallel_executor.executor.parallel:loop closed
[0.493s] DEBUG:colcon.colcon_parallel_executor.executor.parallel:run_until_complete finished with '0'
[0.493s] DEBUG:colcon.colcon_core.event_reactor:joining thread
[0.501s] INFO:colcon.colcon_core.plugin_system:Skipping extension 'colcon_notification.desktop_notification.terminal_notifier': Not used on non-Darwin systems
[0.501s] INFO:colcon.colcon_core.plugin_system:Skipping extension 'colcon_notification.desktop_notification.win32': Not used on non-Windows systems
[0.502s] INFO:colcon.colcon_notification.desktop_notification:Sending desktop notification using 'notify2'
[0.523s] DEBUG:colcon.colcon_core.event_reactor:joined thread
[0.523s] INFO:colcon.colcon_core.shell:Creating prefix script '/home/nimrod/Documents/simple_arm/install/local_setup.ps1'
[0.524s] INFO:colcon.colcon_core.shell:Creating prefix util module '/home/nimrod/Documents/simple_arm/install/_local_setup_util_ps1.py'
[0.526s] INFO:colcon.colcon_core.shell:Creating prefix chain script '/home/nimrod/Documents/simple_arm/install/setup.ps1'
[0.528s] INFO:colcon.colcon_core.shell:Creating prefix script '/home/nimrod/Documents/simple_arm/install/local_setup.sh'
[0.528s] INFO:colcon.colcon_core.shell:Creating prefix util module '/home/nimrod/Documents/simple_arm/install/_local_setup_util_sh.py'
[0.529s] INFO:colcon.colcon_core.shell:Creating prefix chain script '/home/nimrod/Documents/simple_arm/install/setup.sh'
[0.531s] INFO:colcon.colcon_core.shell:Creating prefix script '/home/nimrod/Documents/simple_arm/install/local_setup.bash'
[0.532s] INFO:colcon.colcon_core.shell:Creating prefix chain script '/home/nimrod/Documents/simple_arm/install/setup.bash'
[0.533s] INFO:colcon.colcon_core.shell:Creating prefix script '/home/nimrod/Documents/simple_arm/install/local_setup.zsh'
[0.534s] INFO:colcon.colcon_core.shell:Creating prefix chain script '/home/nimrod/Documents/simple_arm/install/setup.zsh'
