[0.472s] DEBUG:colcon:Command line arguments: ['/usr/bin/colcon', 'list', '-p', '--base-paths', '/home/nimrod/Documents/simple_arm', '--log-base', '/dev/null']
[0.473s] DEBUG:colcon:Parsed command line arguments: Namespace(log_base=None, log_level=None, verb_name='list', build_base='build', ignore_user_meta=False, metas=['./colcon.meta'], base_paths=['/home/nimrod/Documents/simple_arm', '--log-base', '/dev/null'], packages_ignore=None, packages_ignore_regex=None, paths=None, packages_up_to=None, packages_up_to_regex=None, packages_above=None, packages_above_and_dependencies=None, packages_above_depth=None, packages_select_by_dep=None, packages_skip_by_dep=None, packages_skip_up_to=None, packages_select_build_failed=False, packages_skip_build_finished=False, packages_select_test_failures=False, packages_skip_test_passed=False, packages_select=None, packages_skip=None, packages_select_regex=None, packages_skip_regex=None, packages_start=None, packages_end=None, allow_overriding=[], topological_order=False, names_only=False, paths_only=True, topological_graph=False, topological_graph_dot=False, topological_graph_density=False, topological_graph_legend=False, topological_graph_dot_cluster=False, topological_graph_dot_include_skipped=False, mixin_files=None, mixin=None, verb_parser=<colcon_mixin.mixin.mixin_argument.MixinArgumentDecorator object at 0x7158f6892480>, verb_extension=<colcon_package_information.verb.list.ListVerb object at 0x7158f6891580>, main=<bound method ListVerb.main of <colcon_package_information.verb.list.ListVerb object at 0x7158f6891580>>, mixin_verb=('list',))
[0.770s] Level 1:colcon.colcon_core.package_discovery:discover_packages(colcon_meta) check parameters
[0.771s] Level 1:colcon.colcon_core.package_discovery:discover_packages(recursive) check parameters
[0.771s] Level 1:colcon.colcon_core.package_discovery:discover_packages(ignore) check parameters
[0.771s] Level 1:colcon.colcon_core.package_discovery:discover_packages(path) check parameters
[0.771s] Level 1:colcon.colcon_core.package_discovery:discover_packages(recursive) discover
[0.771s] INFO:colcon.colcon_core.package_discovery:Crawling recursively for packages in '/home/nimrod/Documents/simple_arm', '/home/nimrod/Documents/simple_arm/--log-base', '/dev/null'
[0.772s] Level 1:colcon.colcon_core.package_identification:_identify(/home/nimrod/Documents/simple_arm) by extensions ['ignore', 'ignore_ament_install']
[0.772s] Level 1:colcon.colcon_core.package_identification:_identify(/home/nimrod/Documents/simple_arm) by extension 'ignore'
[0.772s] Level 1:colcon.colcon_core.package_identification:_identify(/home/nimrod/Documents/simple_arm) by extension 'ignore_ament_install'
[0.773s] Level 1:colcon.colcon_core.package_identification:_identify(/home/nimrod/Documents/simple_arm) by extensions ['colcon_pkg']
[0.773s] Level 1:colcon.colcon_core.package_identification:_identify(/home/nimrod/Documents/simple_arm) by extension 'colcon_pkg'
[0.773s] Level 1:colcon.colcon_core.package_identification:_identify(/home/nimrod/Documents/simple_arm) by extensions ['colcon_meta']
[0.773s] Level 1:colcon.colcon_core.package_identification:_identify(/home/nimrod/Documents/simple_arm) by extension 'colcon_meta'
[0.773s] Level 1:colcon.colcon_core.package_identification:_identify(/home/nimrod/Documents/simple_arm) by extensions ['ros']
[0.773s] Level 1:colcon.colcon_core.package_identification:_identify(/home/nimrod/Documents/simple_arm) by extension 'ros'
[0.916s] Level 1:colcon.colcon_core.package_identification:_identify(/home/nimrod/Documents/simple_arm) by extensions ['cmake', 'python']
[0.917s] Level 1:colcon.colcon_core.package_identification:_identify(/home/nimrod/Documents/simple_arm) by extension 'cmake'
[0.917s] Level 1:colcon.colcon_core.package_identification:_identify(/home/nimrod/Documents/simple_arm) by extension 'python'
[0.917s] Level 1:colcon.colcon_core.package_identification:_identify(/home/nimrod/Documents/simple_arm) by extensions ['python_setup_py']
[0.917s] Level 1:colcon.colcon_core.package_identification:_identify(/home/nimrod/Documents/simple_arm) by extension 'python_setup_py'
[0.918s] Level 1:colcon.colcon_core.package_identification:_identify(/home/nimrod/Documents/simple_arm/log) by extensions ['ignore', 'ignore_ament_install']
[0.918s] Level 1:colcon.colcon_core.package_identification:_identify(/home/nimrod/Documents/simple_arm/log) by extension 'ignore'
[0.918s] Level 1:colcon.colcon_core.package_identification:_identify(/home/nimrod/Documents/simple_arm/log) ignored
[0.919s] Level 1:colcon.colcon_core.package_identification:_identify(/home/nimrod/Documents/simple_arm/src) by extensions ['ignore', 'ignore_ament_install']
[0.922s] Level 1:colcon.colcon_core.package_identification:_identify(/home/nimrod/Documents/simple_arm/src) by extension 'ignore'
[0.922s] Level 1:colcon.colcon_core.package_identification:_identify(/home/nimrod/Documents/simple_arm/src) by extension 'ignore_ament_install'
[0.923s] Level 1:colcon.colcon_core.package_identification:_identify(/home/nimrod/Documents/simple_arm/src) by extensions ['colcon_pkg']
[0.923s] Level 1:colcon.colcon_core.package_identification:_identify(/home/nimrod/Documents/simple_arm/src) by extension 'colcon_pkg'
[0.923s] Level 1:colcon.colcon_core.package_identification:_identify(/home/nimrod/Documents/simple_arm/src) by extensions ['colcon_meta']
[0.923s] Level 1:colcon.colcon_core.package_identification:_identify(/home/nimrod/Documents/simple_arm/src) by extension 'colcon_meta'
[0.924s] Level 1:colcon.colcon_core.package_identification:_identify(/home/nimrod/Documents/simple_arm/src) by extensions ['ros']
[0.924s] Level 1:colcon.colcon_core.package_identification:_identify(/home/nimrod/Documents/simple_arm/src) by extension 'ros'
[0.928s] Level 1:colcon.colcon_core.package_identification:_identify(/home/nimrod/Documents/simple_arm/src) by extensions ['cmake', 'python']
[0.928s] Level 1:colcon.colcon_core.package_identification:_identify(/home/nimrod/Documents/simple_arm/src) by extension 'cmake'
[0.928s] Level 1:colcon.colcon_core.package_identification:_identify(/home/nimrod/Documents/simple_arm/src) by extension 'python'
[0.928s] Level 1:colcon.colcon_core.package_identification:_identify(/home/nimrod/Documents/simple_arm/src) by extensions ['python_setup_py']
[0.929s] Level 1:colcon.colcon_core.package_identification:_identify(/home/nimrod/Documents/simple_arm/src) by extension 'python_setup_py'
[0.929s] Level 1:colcon.colcon_core.package_identification:_identify(/home/nimrod/Documents/simple_arm/src/pick_place_arm) by extensions ['ignore', 'ignore_ament_install']
[0.929s] Level 1:colcon.colcon_core.package_identification:_identify(/home/nimrod/Documents/simple_arm/src/pick_place_arm) by extension 'ignore'
[0.930s] Level 1:colcon.colcon_core.package_identification:_identify(/home/nimrod/Documents/simple_arm/src/pick_place_arm) by extension 'ignore_ament_install'
[0.930s] Level 1:colcon.colcon_core.package_identification:_identify(/home/nimrod/Documents/simple_arm/src/pick_place_arm) by extensions ['colcon_pkg']
[0.933s] Level 1:colcon.colcon_core.package_identification:_identify(/home/nimrod/Documents/simple_arm/src/pick_place_arm) by extension 'colcon_pkg'
[0.933s] Level 1:colcon.colcon_core.package_identification:_identify(/home/nimrod/Documents/simple_arm/src/pick_place_arm) by extensions ['colcon_meta']
[0.933s] Level 1:colcon.colcon_core.package_identification:_identify(/home/nimrod/Documents/simple_arm/src/pick_place_arm) by extension 'colcon_meta'
[0.934s] Level 1:colcon.colcon_core.package_identification:_identify(/home/nimrod/Documents/simple_arm/src/pick_place_arm) by extensions ['ros']
[0.934s] Level 1:colcon.colcon_core.package_identification:_identify(/home/nimrod/Documents/simple_arm/src/pick_place_arm) by extension 'ros'
[0.954s] DEBUG:colcon.colcon_core.package_identification:Package '/home/nimrod/Documents/simple_arm/src/pick_place_arm' with type 'ros.ament_python' and name 'pick_place_arm'
[0.954s] Level 1:colcon.colcon_core.package_identification:_identify(/home/nimrod/Documents/simple_arm/src/pick_place_arms) by extensions ['ignore', 'ignore_ament_install']
[0.955s] Level 1:colcon.colcon_core.package_identification:_identify(/home/nimrod/Documents/simple_arm/src/pick_place_arms) by extension 'ignore'
[0.957s] Level 1:colcon.colcon_core.package_identification:_identify(/home/nimrod/Documents/simple_arm/src/pick_place_arms) by extension 'ignore_ament_install'
[0.957s] Level 1:colcon.colcon_core.package_identification:_identify(/home/nimrod/Documents/simple_arm/src/pick_place_arms) by extensions ['colcon_pkg']
[0.957s] Level 1:colcon.colcon_core.package_identification:_identify(/home/nimrod/Documents/simple_arm/src/pick_place_arms) by extension 'colcon_pkg'
[0.957s] Level 1:colcon.colcon_core.package_identification:_identify(/home/nimrod/Documents/simple_arm/src/pick_place_arms) by extensions ['colcon_meta']
[0.957s] Level 1:colcon.colcon_core.package_identification:_identify(/home/nimrod/Documents/simple_arm/src/pick_place_arms) by extension 'colcon_meta'
[0.958s] Level 1:colcon.colcon_core.package_identification:_identify(/home/nimrod/Documents/simple_arm/src/pick_place_arms) by extensions ['ros']
[0.958s] Level 1:colcon.colcon_core.package_identification:_identify(/home/nimrod/Documents/simple_arm/src/pick_place_arms) by extension 'ros'
[0.962s] DEBUG:colcon.colcon_core.package_identification:Package '/home/nimrod/Documents/simple_arm/src/pick_place_arms' with type 'ros.ament_cmake' and name 'pick_place_arms'
[0.962s] Level 1:colcon.colcon_core.package_discovery:discover_packages(recursive) using defaults
