[0.314s] DEBUG:colcon:Command line arguments: ['/usr/bin/colcon', 'build']
[0.314s] DEBUG:colcon:Parsed command line arguments: Namespace(log_base=None, log_level=None, verb_name='build', build_base='build', install_base='install', merge_install=False, symlink_install=False, test_result_base=None, continue_on_error=False, executor='parallel', parallel_workers=4, event_handlers=None, ignore_user_meta=False, metas=['./colcon.meta'], base_paths=['.'], packages_ignore=None, packages_ignore_regex=None, paths=None, packages_up_to=None, packages_up_to_regex=None, packages_above=None, packages_above_and_dependencies=None, packages_above_depth=None, packages_select_by_dep=None, packages_skip_by_dep=None, packages_skip_up_to=None, packages_select_build_failed=False, packages_skip_build_finished=False, packages_select_test_failures=False, packages_skip_test_passed=False, packages_select=None, packages_skip=None, packages_select_regex=None, packages_skip_regex=None, packages_start=None, packages_end=None, allow_overriding=[], cmake_args=None, cmake_target=None, cmake_target_skip_unavailable=False, cmake_clean_cache=False, cmake_clean_first=False, cmake_force_configure=False, ament_cmake_args=None, catkin_cmake_args=None, catkin_skip_building_tests=False, mixin_files=None, mixin=None, verb_parser=<colcon_mixin.mixin.mixin_argument.MixinArgumentDecorator object at 0x77561f9a16a0>, verb_extension=<colcon_core.verb.build.BuildVerb object at 0x77561f9a1430>, main=<bound method BuildVerb.main of <colcon_core.verb.build.BuildVerb object at 0x77561f9a1430>>, mixin_verb=('build',))
[0.441s] Level 1:colcon.colcon_core.package_discovery:discover_packages(colcon_meta) check parameters
[0.442s] Level 1:colcon.colcon_core.package_discovery:discover_packages(recursive) check parameters
[0.442s] Level 1:colcon.colcon_core.package_discovery:discover_packages(ignore) check parameters
[0.442s] Level 1:colcon.colcon_core.package_discovery:discover_packages(path) check parameters
[0.442s] Level 1:colcon.colcon_core.package_discovery:discover_packages(colcon_meta) discover
[0.442s] Level 1:colcon.colcon_core.package_discovery:discover_packages(recursive) discover
[0.443s] INFO:colcon.colcon_core.package_discovery:Crawling recursively for packages in '/home/nimrod/Documents/simple_arm'
[0.443s] Level 1:colcon.colcon_core.package_identification:_identify(.) by extensions ['ignore', 'ignore_ament_install']
[0.443s] Level 1:colcon.colcon_core.package_identification:_identify(.) by extension 'ignore'
[0.443s] Level 1:colcon.colcon_core.package_identification:_identify(.) by extension 'ignore_ament_install'
[0.444s] Level 1:colcon.colcon_core.package_identification:_identify(.) by extensions ['colcon_pkg']
[0.444s] Level 1:colcon.colcon_core.package_identification:_identify(.) by extension 'colcon_pkg'
[0.444s] Level 1:colcon.colcon_core.package_identification:_identify(.) by extensions ['colcon_meta']
[0.444s] Level 1:colcon.colcon_core.package_identification:_identify(.) by extension 'colcon_meta'
[0.444s] Level 1:colcon.colcon_core.package_identification:_identify(.) by extensions ['ros']
[0.444s] Level 1:colcon.colcon_core.package_identification:_identify(.) by extension 'ros'
[0.546s] Level 1:colcon.colcon_core.package_identification:_identify(.) by extensions ['cmake', 'python']
[0.546s] Level 1:colcon.colcon_core.package_identification:_identify(.) by extension 'cmake'
[0.547s] Level 1:colcon.colcon_core.package_identification:_identify(.) by extension 'python'
[0.547s] Level 1:colcon.colcon_core.package_identification:_identify(.) by extensions ['python_setup_py']
[0.547s] Level 1:colcon.colcon_core.package_identification:_identify(.) by extension 'python_setup_py'
[0.547s] Level 1:colcon.colcon_core.package_identification:_identify(build) by extensions ['ignore', 'ignore_ament_install']
[0.548s] Level 1:colcon.colcon_core.package_identification:_identify(build) by extension 'ignore'
[0.548s] Level 1:colcon.colcon_core.package_identification:_identify(build) ignored
[0.548s] Level 1:colcon.colcon_core.package_identification:_identify(install) by extensions ['ignore', 'ignore_ament_install']
[0.548s] Level 1:colcon.colcon_core.package_identification:_identify(install) by extension 'ignore'
[0.549s] Level 1:colcon.colcon_core.package_identification:_identify(install) ignored
[0.549s] Level 1:colcon.colcon_core.package_identification:_identify(log) by extensions ['ignore', 'ignore_ament_install']
[0.549s] Level 1:colcon.colcon_core.package_identification:_identify(log) by extension 'ignore'
[0.549s] Level 1:colcon.colcon_core.package_identification:_identify(log) ignored
[0.550s] Level 1:colcon.colcon_core.package_identification:_identify(src) by extensions ['ignore', 'ignore_ament_install']
[0.550s] Level 1:colcon.colcon_core.package_identification:_identify(src) by extension 'ignore'
[0.551s] Level 1:colcon.colcon_core.package_identification:_identify(src) by extension 'ignore_ament_install'
[0.551s] Level 1:colcon.colcon_core.package_identification:_identify(src) by extensions ['colcon_pkg']
[0.551s] Level 1:colcon.colcon_core.package_identification:_identify(src) by extension 'colcon_pkg'
[0.551s] Level 1:colcon.colcon_core.package_identification:_identify(src) by extensions ['colcon_meta']
[0.551s] Level 1:colcon.colcon_core.package_identification:_identify(src) by extension 'colcon_meta'
[0.552s] Level 1:colcon.colcon_core.package_identification:_identify(src) by extensions ['ros']
[0.552s] Level 1:colcon.colcon_core.package_identification:_identify(src) by extension 'ros'
[0.552s] Level 1:colcon.colcon_core.package_identification:_identify(src) by extensions ['cmake', 'python']
[0.553s] Level 1:colcon.colcon_core.package_identification:_identify(src) by extension 'cmake'
[0.553s] Level 1:colcon.colcon_core.package_identification:_identify(src) by extension 'python'
[0.553s] Level 1:colcon.colcon_core.package_identification:_identify(src) by extensions ['python_setup_py']
[0.553s] Level 1:colcon.colcon_core.package_identification:_identify(src) by extension 'python_setup_py'
[0.553s] Level 1:colcon.colcon_core.package_identification:_identify(src/pick_place_arm) by extensions ['ignore', 'ignore_ament_install']
[0.554s] Level 1:colcon.colcon_core.package_identification:_identify(src/pick_place_arm) by extension 'ignore'
[0.554s] Level 1:colcon.colcon_core.package_identification:_identify(src/pick_place_arm) by extension 'ignore_ament_install'
[0.554s] Level 1:colcon.colcon_core.package_identification:_identify(src/pick_place_arm) by extensions ['colcon_pkg']
[0.554s] Level 1:colcon.colcon_core.package_identification:_identify(src/pick_place_arm) by extension 'colcon_pkg'
[0.554s] Level 1:colcon.colcon_core.package_identification:_identify(src/pick_place_arm) by extensions ['colcon_meta']
[0.554s] Level 1:colcon.colcon_core.package_identification:_identify(src/pick_place_arm) by extension 'colcon_meta'
[0.554s] Level 1:colcon.colcon_core.package_identification:_identify(src/pick_place_arm) by extensions ['ros']
[0.555s] Level 1:colcon.colcon_core.package_identification:_identify(src/pick_place_arm) by extension 'ros'
[0.562s] DEBUG:colcon.colcon_core.package_identification:Package 'src/pick_place_arm' with type 'ros.ament_python' and name 'pick_place_arm'
[0.564s] Level 1:colcon.colcon_core.package_identification:_identify(src/pick_place_arms) by extensions ['ignore', 'ignore_ament_install']
[0.564s] Level 1:colcon.colcon_core.package_identification:_identify(src/pick_place_arms) by extension 'ignore'
[0.564s] Level 1:colcon.colcon_core.package_identification:_identify(src/pick_place_arms) by extension 'ignore_ament_install'
[0.565s] Level 1:colcon.colcon_core.package_identification:_identify(src/pick_place_arms) by extensions ['colcon_pkg']
[0.565s] Level 1:colcon.colcon_core.package_identification:_identify(src/pick_place_arms) by extension 'colcon_pkg'
[0.565s] Level 1:colcon.colcon_core.package_identification:_identify(src/pick_place_arms) by extensions ['colcon_meta']
[0.565s] Level 1:colcon.colcon_core.package_identification:_identify(src/pick_place_arms) by extension 'colcon_meta'
[0.565s] Level 1:colcon.colcon_core.package_identification:_identify(src/pick_place_arms) by extensions ['ros']
[0.565s] Level 1:colcon.colcon_core.package_identification:_identify(src/pick_place_arms) by extension 'ros'
[0.567s] DEBUG:colcon.colcon_core.package_identification:Package 'src/pick_place_arms' with type 'ros.ament_cmake' and name 'pick_place_arms'
[0.567s] Level 1:colcon.colcon_core.package_discovery:discover_packages(recursive) using defaults
[0.568s] Level 1:colcon.colcon_core.package_discovery:discover_packages(ignore) discover
[0.569s] Level 1:colcon.colcon_core.package_discovery:discover_packages(ignore) using defaults
[0.569s] Level 1:colcon.colcon_core.package_discovery:discover_packages(path) discover
[0.569s] Level 1:colcon.colcon_core.package_discovery:discover_packages(path) using defaults
[0.662s] Level 1:colcon.colcon_core.package_discovery:discover_packages(prefix_path) check parameters
[0.663s] Level 1:colcon.colcon_core.package_discovery:discover_packages(prefix_path) discover
[0.671s] DEBUG:colcon.colcon_installed_package_information.package_discovery:Found 2 installed packages in /home/nimrod/Documents/simple_arm/install
[0.680s] DEBUG:colcon.colcon_installed_package_information.package_discovery:Found 443 installed packages in /opt/ros/jazzy
[0.691s] Level 1:colcon.colcon_core.package_discovery:discover_packages(prefix_path) using defaults
[0.879s] Level 5:colcon.colcon_core.verb:set package 'pick_place_arm' build argument 'cmake_args' from command line to 'None'
[0.880s] Level 5:colcon.colcon_core.verb:set package 'pick_place_arm' build argument 'cmake_target' from command line to 'None'
[0.880s] Level 5:colcon.colcon_core.verb:set package 'pick_place_arm' build argument 'cmake_target_skip_unavailable' from command line to 'False'
[0.880s] Level 5:colcon.colcon_core.verb:set package 'pick_place_arm' build argument 'cmake_clean_cache' from command line to 'False'
[0.880s] Level 5:colcon.colcon_core.verb:set package 'pick_place_arm' build argument 'cmake_clean_first' from command line to 'False'
[0.880s] Level 5:colcon.colcon_core.verb:set package 'pick_place_arm' build argument 'cmake_force_configure' from command line to 'False'
[0.880s] Level 5:colcon.colcon_core.verb:set package 'pick_place_arm' build argument 'ament_cmake_args' from command line to 'None'
[0.880s] Level 5:colcon.colcon_core.verb:set package 'pick_place_arm' build argument 'catkin_cmake_args' from command line to 'None'
[0.880s] Level 5:colcon.colcon_core.verb:set package 'pick_place_arm' build argument 'catkin_skip_building_tests' from command line to 'False'
[0.880s] DEBUG:colcon.colcon_core.verb:Building package 'pick_place_arm' with the following arguments: {'ament_cmake_args': None, 'build_base': '/home/nimrod/Documents/simple_arm/build/pick_place_arm', 'catkin_cmake_args': None, 'catkin_skip_building_tests': False, 'cmake_args': None, 'cmake_clean_cache': False, 'cmake_clean_first': False, 'cmake_force_configure': False, 'cmake_target': None, 'cmake_target_skip_unavailable': False, 'install_base': '/home/nimrod/Documents/simple_arm/install/pick_place_arm', 'merge_install': False, 'path': '/home/nimrod/Documents/simple_arm/src/pick_place_arm', 'symlink_install': False, 'test_result_base': None}
[0.881s] Level 5:colcon.colcon_core.verb:set package 'pick_place_arms' build argument 'cmake_args' from command line to 'None'
[0.881s] Level 5:colcon.colcon_core.verb:set package 'pick_place_arms' build argument 'cmake_target' from command line to 'None'
[0.882s] Level 5:colcon.colcon_core.verb:set package 'pick_place_arms' build argument 'cmake_target_skip_unavailable' from command line to 'False'
[0.882s] Level 5:colcon.colcon_core.verb:set package 'pick_place_arms' build argument 'cmake_clean_cache' from command line to 'False'
[0.882s] Level 5:colcon.colcon_core.verb:set package 'pick_place_arms' build argument 'cmake_clean_first' from command line to 'False'
[0.882s] Level 5:colcon.colcon_core.verb:set package 'pick_place_arms' build argument 'cmake_force_configure' from command line to 'False'
[0.882s] Level 5:colcon.colcon_core.verb:set package 'pick_place_arms' build argument 'ament_cmake_args' from command line to 'None'
[0.882s] Level 5:colcon.colcon_core.verb:set package 'pick_place_arms' build argument 'catkin_cmake_args' from command line to 'None'
[0.882s] Level 5:colcon.colcon_core.verb:set package 'pick_place_arms' build argument 'catkin_skip_building_tests' from command line to 'False'
[0.882s] DEBUG:colcon.colcon_core.verb:Building package 'pick_place_arms' with the following arguments: {'ament_cmake_args': None, 'build_base': '/home/nimrod/Documents/simple_arm/build/pick_place_arms', 'catkin_cmake_args': None, 'catkin_skip_building_tests': False, 'cmake_args': None, 'cmake_clean_cache': False, 'cmake_clean_first': False, 'cmake_force_configure': False, 'cmake_target': None, 'cmake_target_skip_unavailable': False, 'install_base': '/home/nimrod/Documents/simple_arm/install/pick_place_arms', 'merge_install': False, 'path': '/home/nimrod/Documents/simple_arm/src/pick_place_arms', 'symlink_install': False, 'test_result_base': None}
[0.883s] INFO:colcon.colcon_core.executor:Executing jobs using 'parallel' executor
[0.886s] DEBUG:colcon.colcon_parallel_executor.executor.parallel:run_until_complete
[0.887s] INFO:colcon.colcon_ros.task.ament_python.build:Building ROS package in '/home/nimrod/Documents/simple_arm/src/pick_place_arm' with build type 'ament_python'
[0.887s] Level 1:colcon.colcon_core.shell:create_environment_hook('pick_place_arm', 'ament_prefix_path')
[0.896s] INFO:colcon.colcon_core.plugin_system:Skipping extension 'colcon_core.shell.bat': Not used on non-Windows systems
[0.896s] INFO:colcon.colcon_core.shell:Creating environment hook '/home/nimrod/Documents/simple_arm/install/pick_place_arm/share/pick_place_arm/hook/ament_prefix_path.ps1'
[0.898s] INFO:colcon.colcon_core.shell:Creating environment descriptor '/home/nimrod/Documents/simple_arm/install/pick_place_arm/share/pick_place_arm/hook/ament_prefix_path.dsv'
[0.900s] INFO:colcon.colcon_core.shell:Creating environment hook '/home/nimrod/Documents/simple_arm/install/pick_place_arm/share/pick_place_arm/hook/ament_prefix_path.sh'
[0.903s] INFO:colcon.colcon_core.shell:Skip shell extension 'powershell' for command environment: Not usable outside of PowerShell
[0.903s] DEBUG:colcon.colcon_core.shell:Skip shell extension 'dsv' for command environment
[0.922s] INFO:colcon.colcon_ros.task.ament_cmake.build:Building ROS package in '/home/nimrod/Documents/simple_arm/src/pick_place_arms' with build type 'ament_cmake'
[0.922s] INFO:colcon.colcon_cmake.task.cmake.build:Building CMake package in '/home/nimrod/Documents/simple_arm/src/pick_place_arms'
[0.923s] INFO:colcon.colcon_core.shell:Skip shell extension 'powershell' for command environment: Not usable outside of PowerShell
[0.923s] DEBUG:colcon.colcon_core.shell:Skip shell extension 'dsv' for command environment
[1.862s] INFO:colcon.colcon_core.task.python.build:Building Python package in '/home/nimrod/Documents/simple_arm/src/pick_place_arm'
[1.863s] INFO:colcon.colcon_core.shell:Skip shell extension 'powershell' for command environment: Not usable outside of PowerShell
[1.864s] DEBUG:colcon.colcon_core.shell:Skip shell extension 'dsv' for command environment
[1.890s] DEBUG:colcon.colcon_core.event_handler.log_command:Invoking command in '/home/nimrod/Documents/simple_arm/build/pick_place_arms': CMAKE_PREFIX_PATH=${CMAKE_PREFIX_PATH}:/home/nimrod/Documents/simple_arm/install/pick_place_arm:/opt/ros/jazzy DEBUGINFOD_URLS=https://debuginfod.ubuntu.com /usr/bin/cmake --build /home/nimrod/Documents/simple_arm/build/pick_place_arms -- -j4 -l4
[2.067s] DEBUG:colcon.colcon_core.event_handler.log_command:Invoked command in '/home/nimrod/Documents/simple_arm/build/pick_place_arms' returned '0': CMAKE_PREFIX_PATH=${CMAKE_PREFIX_PATH}:/home/nimrod/Documents/simple_arm/install/pick_place_arm:/opt/ros/jazzy DEBUGINFOD_URLS=https://debuginfod.ubuntu.com /usr/bin/cmake --build /home/nimrod/Documents/simple_arm/build/pick_place_arms -- -j4 -l4
[2.114s] DEBUG:colcon.colcon_core.event_handler.log_command:Invoking command in '/home/nimrod/Documents/simple_arm/build/pick_place_arms': CMAKE_PREFIX_PATH=${CMAKE_PREFIX_PATH}:/home/nimrod/Documents/simple_arm/install/pick_place_arm:/opt/ros/jazzy DEBUGINFOD_URLS=https://debuginfod.ubuntu.com /usr/bin/cmake --install /home/nimrod/Documents/simple_arm/build/pick_place_arms
[2.172s] Level 1:colcon.colcon_core.environment:create_environment_scripts_only(pick_place_arms)
[2.193s] Level 1:colcon.colcon_core.environment:checking '/home/nimrod/Documents/simple_arm/install/pick_place_arms' for CMake module files
[2.198s] Level 1:colcon.colcon_core.environment:checking '/home/nimrod/Documents/simple_arm/install/pick_place_arms' for CMake config files
[2.199s] Level 1:colcon.colcon_core.shell:create_environment_hook('pick_place_arms', 'cmake_prefix_path')
[2.201s] INFO:colcon.colcon_core.shell:Creating environment hook '/home/nimrod/Documents/simple_arm/install/pick_place_arms/share/pick_place_arms/hook/cmake_prefix_path.ps1'
[2.204s] DEBUG:colcon.colcon_core.event_handler.log_command:Invoked command in '/home/nimrod/Documents/simple_arm/build/pick_place_arms' returned '0': CMAKE_PREFIX_PATH=${CMAKE_PREFIX_PATH}:/home/nimrod/Documents/simple_arm/install/pick_place_arm:/opt/ros/jazzy DEBUGINFOD_URLS=https://debuginfod.ubuntu.com /usr/bin/cmake --install /home/nimrod/Documents/simple_arm/build/pick_place_arms
[2.205s] INFO:colcon.colcon_core.shell:Creating environment descriptor '/home/nimrod/Documents/simple_arm/install/pick_place_arms/share/pick_place_arms/hook/cmake_prefix_path.dsv'
[2.206s] INFO:colcon.colcon_core.shell:Creating environment hook '/home/nimrod/Documents/simple_arm/install/pick_place_arms/share/pick_place_arms/hook/cmake_prefix_path.sh'
[2.209s] Level 1:colcon.colcon_core.environment:checking '/home/nimrod/Documents/simple_arm/install/pick_place_arms/bin'
[2.210s] Level 1:colcon.colcon_core.environment:checking '/home/nimrod/Documents/simple_arm/install/pick_place_arms/lib/pkgconfig/pick_place_arms.pc'
[2.211s] Level 1:colcon.colcon_core.environment:checking '/home/nimrod/Documents/simple_arm/install/pick_place_arms/lib/python3.12/site-packages'
[2.212s] Level 1:colcon.colcon_core.environment:checking '/home/nimrod/Documents/simple_arm/install/pick_place_arms/bin'
[2.212s] INFO:colcon.colcon_core.shell:Creating package script '/home/nimrod/Documents/simple_arm/install/pick_place_arms/share/pick_place_arms/package.ps1'
[2.215s] INFO:colcon.colcon_core.shell:Creating package descriptor '/home/nimrod/Documents/simple_arm/install/pick_place_arms/share/pick_place_arms/package.dsv'
[2.217s] INFO:colcon.colcon_core.shell:Creating package script '/home/nimrod/Documents/simple_arm/install/pick_place_arms/share/pick_place_arms/package.sh'
[2.219s] INFO:colcon.colcon_core.shell:Creating package script '/home/nimrod/Documents/simple_arm/install/pick_place_arms/share/pick_place_arms/package.bash'
[2.221s] INFO:colcon.colcon_core.shell:Creating package script '/home/nimrod/Documents/simple_arm/install/pick_place_arms/share/pick_place_arms/package.zsh'
[2.223s] Level 1:colcon.colcon_core.environment:create_file_with_runtime_dependencies(/home/nimrod/Documents/simple_arm/install/pick_place_arms/share/colcon-core/packages/pick_place_arms)
[2.225s] Level 1:colcon.colcon_core.environment:create_environment_scripts_only(pick_place_arms)
[2.225s] Level 1:colcon.colcon_core.environment:checking '/home/nimrod/Documents/simple_arm/install/pick_place_arms' for CMake module files
[2.228s] Level 1:colcon.colcon_core.environment:checking '/home/nimrod/Documents/simple_arm/install/pick_place_arms' for CMake config files
[2.229s] Level 1:colcon.colcon_core.shell:create_environment_hook('pick_place_arms', 'cmake_prefix_path')
[2.230s] INFO:colcon.colcon_core.shell:Creating environment hook '/home/nimrod/Documents/simple_arm/install/pick_place_arms/share/pick_place_arms/hook/cmake_prefix_path.ps1'
[2.234s] INFO:colcon.colcon_core.shell:Creating environment descriptor '/home/nimrod/Documents/simple_arm/install/pick_place_arms/share/pick_place_arms/hook/cmake_prefix_path.dsv'
[2.235s] INFO:colcon.colcon_core.shell:Creating environment hook '/home/nimrod/Documents/simple_arm/install/pick_place_arms/share/pick_place_arms/hook/cmake_prefix_path.sh'
[2.237s] Level 1:colcon.colcon_core.environment:checking '/home/nimrod/Documents/simple_arm/install/pick_place_arms/bin'
[2.237s] Level 1:colcon.colcon_core.environment:checking '/home/nimrod/Documents/simple_arm/install/pick_place_arms/lib/pkgconfig/pick_place_arms.pc'
[2.238s] Level 1:colcon.colcon_core.environment:checking '/home/nimrod/Documents/simple_arm/install/pick_place_arms/lib/python3.12/site-packages'
[2.239s] Level 1:colcon.colcon_core.environment:checking '/home/nimrod/Documents/simple_arm/install/pick_place_arms/bin'
[2.240s] INFO:colcon.colcon_core.shell:Creating package script '/home/nimrod/Documents/simple_arm/install/pick_place_arms/share/pick_place_arms/package.ps1'
[2.241s] INFO:colcon.colcon_core.shell:Creating package descriptor '/home/nimrod/Documents/simple_arm/install/pick_place_arms/share/pick_place_arms/package.dsv'
[2.243s] INFO:colcon.colcon_core.shell:Creating package script '/home/nimrod/Documents/simple_arm/install/pick_place_arms/share/pick_place_arms/package.sh'
[2.245s] INFO:colcon.colcon_core.shell:Creating package script '/home/nimrod/Documents/simple_arm/install/pick_place_arms/share/pick_place_arms/package.bash'
[2.247s] INFO:colcon.colcon_core.shell:Creating package script '/home/nimrod/Documents/simple_arm/install/pick_place_arms/share/pick_place_arms/package.zsh'
[2.248s] Level 1:colcon.colcon_core.environment:create_file_with_runtime_dependencies(/home/nimrod/Documents/simple_arm/install/pick_place_arms/share/colcon-core/packages/pick_place_arms)
[3.980s] DEBUG:colcon.colcon_core.event_handler.log_command:Invoking command in '/home/nimrod/Documents/simple_arm/src/pick_place_arm': DEBUGINFOD_URLS=https://debuginfod.ubuntu.com PYTHONPATH=/home/nimrod/Documents/simple_arm/build/pick_place_arm/prefix_override:/usr/lib/python3/dist-packages/colcon_core/task/python/colcon_distutils_commands:/home/nimrod/Documents/simple_arm/install/pick_place_arm/lib/python3.12/site-packages:${PYTHONPATH} /usr/bin/python3 -W ignore:setup.py install is deprecated -W ignore:easy_install command is deprecated setup.py egg_info --egg-base ../../build/pick_place_arm build --build-base /home/nimrod/Documents/simple_arm/build/pick_place_arm/build install --record /home/nimrod/Documents/simple_arm/build/pick_place_arm/install.log --single-version-externally-managed install_data
[5.898s] Level 1:colcon.colcon_core.environment:checking '/home/nimrod/Documents/simple_arm/install/pick_place_arm' for CMake module files
[5.900s] DEBUG:colcon.colcon_core.event_handler.log_command:Invoked command in '/home/nimrod/Documents/simple_arm/src/pick_place_arm' returned '0': DEBUGINFOD_URLS=https://debuginfod.ubuntu.com PYTHONPATH=/home/nimrod/Documents/simple_arm/build/pick_place_arm/prefix_override:/usr/lib/python3/dist-packages/colcon_core/task/python/colcon_distutils_commands:/home/nimrod/Documents/simple_arm/install/pick_place_arm/lib/python3.12/site-packages:${PYTHONPATH} /usr/bin/python3 -W ignore:setup.py install is deprecated -W ignore:easy_install command is deprecated setup.py egg_info --egg-base ../../build/pick_place_arm build --build-base /home/nimrod/Documents/simple_arm/build/pick_place_arm/build install --record /home/nimrod/Documents/simple_arm/build/pick_place_arm/install.log --single-version-externally-managed install_data
[5.901s] Level 1:colcon.colcon_core.environment:checking '/home/nimrod/Documents/simple_arm/install/pick_place_arm' for CMake config files
[5.902s] Level 1:colcon.colcon_core.environment:checking '/home/nimrod/Documents/simple_arm/install/pick_place_arm/lib'
[5.903s] Level 1:colcon.colcon_core.environment:checking '/home/nimrod/Documents/simple_arm/install/pick_place_arm/bin'
[5.903s] Level 1:colcon.colcon_core.environment:checking '/home/nimrod/Documents/simple_arm/install/pick_place_arm/lib/pkgconfig/pick_place_arm.pc'
[5.904s] Level 1:colcon.colcon_core.environment:checking '/home/nimrod/Documents/simple_arm/install/pick_place_arm/lib/python3.12/site-packages'
[5.904s] Level 1:colcon.colcon_core.shell:create_environment_hook('pick_place_arm', 'pythonpath')
[5.904s] INFO:colcon.colcon_core.shell:Creating environment hook '/home/nimrod/Documents/simple_arm/install/pick_place_arm/share/pick_place_arm/hook/pythonpath.ps1'
[5.906s] INFO:colcon.colcon_core.shell:Creating environment descriptor '/home/nimrod/Documents/simple_arm/install/pick_place_arm/share/pick_place_arm/hook/pythonpath.dsv'
[5.907s] INFO:colcon.colcon_core.shell:Creating environment hook '/home/nimrod/Documents/simple_arm/install/pick_place_arm/share/pick_place_arm/hook/pythonpath.sh'
[5.909s] Level 1:colcon.colcon_core.environment:checking '/home/nimrod/Documents/simple_arm/install/pick_place_arm/bin'
[5.909s] Level 1:colcon.colcon_core.environment:create_environment_scripts_only(pick_place_arm)
[5.910s] INFO:colcon.colcon_core.shell:Creating package script '/home/nimrod/Documents/simple_arm/install/pick_place_arm/share/pick_place_arm/package.ps1'
[5.911s] INFO:colcon.colcon_core.shell:Creating package descriptor '/home/nimrod/Documents/simple_arm/install/pick_place_arm/share/pick_place_arm/package.dsv'
[5.913s] INFO:colcon.colcon_core.shell:Creating package script '/home/nimrod/Documents/simple_arm/install/pick_place_arm/share/pick_place_arm/package.sh'
[5.914s] INFO:colcon.colcon_core.shell:Creating package script '/home/nimrod/Documents/simple_arm/install/pick_place_arm/share/pick_place_arm/package.bash'
[5.915s] INFO:colcon.colcon_core.shell:Creating package script '/home/nimrod/Documents/simple_arm/install/pick_place_arm/share/pick_place_arm/package.zsh'
[5.916s] Level 1:colcon.colcon_core.environment:create_file_with_runtime_dependencies(/home/nimrod/Documents/simple_arm/install/pick_place_arm/share/colcon-core/packages/pick_place_arm)
[5.918s] DEBUG:colcon.colcon_parallel_executor.executor.parallel:closing loop
[5.918s] DEBUG:colcon.colcon_parallel_executor.executor.parallel:loop closed
[5.918s] DEBUG:colcon.colcon_parallel_executor.executor.parallel:run_until_complete finished with '0'
[5.918s] DEBUG:colcon.colcon_core.event_reactor:joining thread
[5.943s] INFO:colcon.colcon_core.plugin_system:Skipping extension 'colcon_notification.desktop_notification.terminal_notifier': Not used on non-Darwin systems
[5.943s] INFO:colcon.colcon_core.plugin_system:Skipping extension 'colcon_notification.desktop_notification.win32': Not used on non-Windows systems
[5.944s] INFO:colcon.colcon_notification.desktop_notification:Sending desktop notification using 'notify2'
[5.988s] DEBUG:colcon.colcon_core.event_reactor:joined thread
[5.989s] INFO:colcon.colcon_core.shell:Creating prefix script '/home/nimrod/Documents/simple_arm/install/local_setup.ps1'
[5.991s] INFO:colcon.colcon_core.shell:Creating prefix util module '/home/nimrod/Documents/simple_arm/install/_local_setup_util_ps1.py'
[5.996s] INFO:colcon.colcon_core.shell:Creating prefix chain script '/home/nimrod/Documents/simple_arm/install/setup.ps1'
[6.000s] INFO:colcon.colcon_core.shell:Creating prefix script '/home/nimrod/Documents/simple_arm/install/local_setup.sh'
[6.002s] INFO:colcon.colcon_core.shell:Creating prefix util module '/home/nimrod/Documents/simple_arm/install/_local_setup_util_sh.py'
[6.004s] INFO:colcon.colcon_core.shell:Creating prefix chain script '/home/nimrod/Documents/simple_arm/install/setup.sh'
[6.008s] INFO:colcon.colcon_core.shell:Creating prefix script '/home/nimrod/Documents/simple_arm/install/local_setup.bash'
[6.010s] INFO:colcon.colcon_core.shell:Creating prefix chain script '/home/nimrod/Documents/simple_arm/install/setup.bash'
[6.014s] INFO:colcon.colcon_core.shell:Creating prefix script '/home/nimrod/Documents/simple_arm/install/local_setup.zsh'
[6.015s] INFO:colcon.colcon_core.shell:Creating prefix chain script '/home/nimrod/Documents/simple_arm/install/setup.zsh'
